{"/Users/will/code/pkg/tablestore-odm/src/connection.ts": {"path":"/Users/will/code/pkg/tablestore-odm/src/connection.ts","all":false,"statementMap":{"0":{"start":{"line":1,"column":0},"end":{"line":1,"column":20}},"1":{"start":{"line":2,"column":0},"end":{"line":2,"column":0}},"2":{"start":{"line":3,"column":0},"end":{"line":3,"column":41}},"3":{"start":{"line":4,"column":0},"end":{"line":4,"column":64}},"4":{"start":{"line":5,"column":0},"end":{"line":5,"column":0}},"5":{"start":{"line":6,"column":0},"end":{"line":6,"column":8}},"6":{"start":{"line":7,"column":0},"end":{"line":7,"column":14}},"7":{"start":{"line":8,"column":0},"end":{"line":8,"column":14}},"8":{"start":{"line":9,"column":0},"end":{"line":9,"column":39}},"9":{"start":{"line":10,"column":0},"end":{"line":10,"column":51}},"10":{"start":{"line":11,"column":0},"end":{"line":11,"column":0}},"11":{"start":{"line":12,"column":0},"end":{"line":12,"column":3}},"12":{"start":{"line":13,"column":0},"end":{"line":13,"column":24}},"13":{"start":{"line":14,"column":0},"end":{"line":14,"column":38}},"14":{"start":{"line":15,"column":0},"end":{"line":15,"column":3}},"15":{"start":{"line":16,"column":0},"end":{"line":16,"column":28}},"16":{"start":{"line":17,"column":0},"end":{"line":17,"column":22}},"17":{"start":{"line":18,"column":0},"end":{"line":18,"column":26}},"18":{"start":{"line":19,"column":0},"end":{"line":19,"column":19}},"19":{"start":{"line":20,"column":0},"end":{"line":20,"column":23}},"20":{"start":{"line":21,"column":0},"end":{"line":21,"column":34}},"21":{"start":{"line":22,"column":0},"end":{"line":22,"column":71}},"22":{"start":{"line":23,"column":0},"end":{"line":23,"column":39}},"23":{"start":{"line":24,"column":0},"end":{"line":24,"column":51}},"24":{"start":{"line":25,"column":0},"end":{"line":25,"column":45}},"25":{"start":{"line":26,"column":0},"end":{"line":26,"column":42}},"26":{"start":{"line":27,"column":0},"end":{"line":27,"column":40}},"27":{"start":{"line":28,"column":0},"end":{"line":28,"column":5}},"28":{"start":{"line":29,"column":0},"end":{"line":29,"column":68}},"29":{"start":{"line":30,"column":0},"end":{"line":30,"column":51}},"30":{"start":{"line":31,"column":0},"end":{"line":31,"column":43}},"31":{"start":{"line":32,"column":0},"end":{"line":32,"column":5}},"32":{"start":{"line":33,"column":0},"end":{"line":33,"column":25}},"33":{"start":{"line":34,"column":0},"end":{"line":34,"column":1}},"34":{"start":{"line":35,"column":0},"end":{"line":35,"column":0}},"35":{"start":{"line":36,"column":0},"end":{"line":36,"column":57}},"36":{"start":{"line":37,"column":0},"end":{"line":37,"column":65}},"37":{"start":{"line":38,"column":0},"end":{"line":38,"column":72}},"38":{"start":{"line":39,"column":0},"end":{"line":39,"column":0}},"39":{"start":{"line":40,"column":0},"end":{"line":40,"column":3}},"40":{"start":{"line":41,"column":0},"end":{"line":41,"column":27}},"41":{"start":{"line":42,"column":0},"end":{"line":42,"column":3}},"42":{"start":{"line":43,"column":0},"end":{"line":43,"column":25}},"43":{"start":{"line":44,"column":0},"end":{"line":44,"column":37}},"44":{"start":{"line":45,"column":0},"end":{"line":45,"column":50}},"45":{"start":{"line":46,"column":0},"end":{"line":46,"column":53}},"46":{"start":{"line":47,"column":0},"end":{"line":47,"column":0}},"47":{"start":{"line":48,"column":0},"end":{"line":48,"column":34}},"48":{"start":{"line":49,"column":0},"end":{"line":49,"column":18}},"49":{"start":{"line":50,"column":0},"end":{"line":50,"column":8}},"50":{"start":{"line":51,"column":0},"end":{"line":51,"column":25}},"51":{"start":{"line":52,"column":0},"end":{"line":52,"column":28}},"52":{"start":{"line":53,"column":0},"end":{"line":53,"column":32}},"53":{"start":{"line":54,"column":0},"end":{"line":54,"column":26}},"54":{"start":{"line":55,"column":0},"end":{"line":55,"column":7}},"55":{"start":{"line":56,"column":0},"end":{"line":56,"column":22}},"56":{"start":{"line":57,"column":0},"end":{"line":57,"column":86}},"57":{"start":{"line":58,"column":0},"end":{"line":58,"column":8}},"58":{"start":{"line":59,"column":0},"end":{"line":59,"column":5}},"59":{"start":{"line":60,"column":0},"end":{"line":60,"column":27}},"60":{"start":{"line":61,"column":0},"end":{"line":61,"column":32}},"61":{"start":{"line":62,"column":0},"end":{"line":62,"column":3}},"62":{"start":{"line":63,"column":0},"end":{"line":63,"column":0}},"63":{"start":{"line":64,"column":0},"end":{"line":64,"column":5}},"64":{"start":{"line":65,"column":0},"end":{"line":65,"column":35}},"65":{"start":{"line":66,"column":0},"end":{"line":66,"column":50}},"66":{"start":{"line":67,"column":0},"end":{"line":67,"column":5}},"67":{"start":{"line":68,"column":0},"end":{"line":68,"column":41}},"68":{"start":{"line":69,"column":0},"end":{"line":69,"column":23}},"69":{"start":{"line":70,"column":0},"end":{"line":70,"column":76}},"70":{"start":{"line":71,"column":0},"end":{"line":71,"column":25}},"71":{"start":{"line":72,"column":0},"end":{"line":72,"column":38}},"72":{"start":{"line":73,"column":0},"end":{"line":73,"column":55}},"73":{"start":{"line":74,"column":0},"end":{"line":74,"column":5}},"74":{"start":{"line":75,"column":0},"end":{"line":75,"column":23}},"75":{"start":{"line":76,"column":0},"end":{"line":76,"column":3}},"76":{"start":{"line":77,"column":0},"end":{"line":77,"column":0}},"77":{"start":{"line":78,"column":0},"end":{"line":78,"column":20}},"78":{"start":{"line":79,"column":0},"end":{"line":79,"column":0}},"79":{"start":{"line":80,"column":0},"end":{"line":80,"column":20}},"80":{"start":{"line":81,"column":0},"end":{"line":81,"column":16}},"81":{"start":{"line":82,"column":0},"end":{"line":82,"column":93}},"82":{"start":{"line":83,"column":0},"end":{"line":83,"column":13}},"83":{"start":{"line":84,"column":0},"end":{"line":84,"column":57}},"84":{"start":{"line":85,"column":0},"end":{"line":85,"column":17}},"85":{"start":{"line":86,"column":0},"end":{"line":86,"column":28}},"86":{"start":{"line":87,"column":0},"end":{"line":87,"column":21}},"87":{"start":{"line":88,"column":0},"end":{"line":88,"column":26}},"88":{"start":{"line":89,"column":0},"end":{"line":89,"column":0}},"89":{"start":{"line":90,"column":0},"end":{"line":90,"column":5}},"90":{"start":{"line":91,"column":0},"end":{"line":91,"column":23}},"91":{"start":{"line":92,"column":0},"end":{"line":92,"column":4}},"92":{"start":{"line":93,"column":0},"end":{"line":93,"column":22}},"93":{"start":{"line":94,"column":0},"end":{"line":94,"column":38}},"94":{"start":{"line":95,"column":0},"end":{"line":95,"column":45}},"95":{"start":{"line":96,"column":0},"end":{"line":96,"column":48}},"96":{"start":{"line":97,"column":0},"end":{"line":97,"column":5}},"97":{"start":{"line":98,"column":0},"end":{"line":98,"column":57}},"98":{"start":{"line":99,"column":0},"end":{"line":99,"column":17}},"99":{"start":{"line":100,"column":0},"end":{"line":100,"column":29}},"100":{"start":{"line":101,"column":0},"end":{"line":101,"column":22}},"101":{"start":{"line":102,"column":0},"end":{"line":102,"column":27}},"102":{"start":{"line":103,"column":0},"end":{"line":103,"column":32}},"103":{"start":{"line":104,"column":0},"end":{"line":104,"column":32}},"104":{"start":{"line":105,"column":0},"end":{"line":105,"column":107}},"105":{"start":{"line":106,"column":0},"end":{"line":106,"column":66}},"106":{"start":{"line":107,"column":0},"end":{"line":107,"column":19}},"107":{"start":{"line":108,"column":0},"end":{"line":108,"column":46}},"108":{"start":{"line":109,"column":0},"end":{"line":109,"column":7}},"109":{"start":{"line":110,"column":0},"end":{"line":110,"column":19}},"110":{"start":{"line":111,"column":0},"end":{"line":111,"column":5}},"111":{"start":{"line":112,"column":0},"end":{"line":112,"column":0}},"112":{"start":{"line":113,"column":0},"end":{"line":113,"column":47}},"113":{"start":{"line":114,"column":0},"end":{"line":114,"column":30}},"114":{"start":{"line":115,"column":0},"end":{"line":115,"column":34}},"115":{"start":{"line":116,"column":0},"end":{"line":116,"column":26}},"116":{"start":{"line":117,"column":0},"end":{"line":117,"column":40}},"117":{"start":{"line":118,"column":0},"end":{"line":118,"column":51}},"118":{"start":{"line":119,"column":0},"end":{"line":119,"column":73}},"119":{"start":{"line":120,"column":0},"end":{"line":120,"column":7}},"120":{"start":{"line":121,"column":0},"end":{"line":121,"column":0}},"121":{"start":{"line":122,"column":0},"end":{"line":122,"column":55}},"122":{"start":{"line":123,"column":0},"end":{"line":123,"column":33}},"123":{"start":{"line":124,"column":0},"end":{"line":124,"column":75}},"124":{"start":{"line":125,"column":0},"end":{"line":125,"column":38}},"125":{"start":{"line":126,"column":0},"end":{"line":126,"column":22}},"126":{"start":{"line":127,"column":0},"end":{"line":127,"column":5}},"127":{"start":{"line":128,"column":0},"end":{"line":128,"column":0}},"128":{"start":{"line":129,"column":0},"end":{"line":129,"column":14}},"129":{"start":{"line":130,"column":0},"end":{"line":130,"column":20}},"130":{"start":{"line":131,"column":0},"end":{"line":131,"column":67}},"131":{"start":{"line":132,"column":0},"end":{"line":132,"column":6}},"132":{"start":{"line":133,"column":0},"end":{"line":133,"column":3}},"133":{"start":{"line":134,"column":0},"end":{"line":134,"column":1}}},"s":{"0":1,"1":1,"2":1,"3":1,"4":1,"5":1,"6":1,"7":1,"8":1,"9":1,"10":1,"11":1,"12":1,"13":1,"14":1,"15":1,"16":1,"17":1,"18":1,"19":1,"20":1,"21":1,"22":1,"23":1,"24":1,"25":1,"26":1,"27":1,"28":1,"29":1,"30":1,"31":1,"32":1,"33":1,"34":1,"35":1,"36":1,"37":1,"38":1,"39":1,"40":1,"41":1,"42":1,"43":1,"44":1,"45":1,"46":1,"47":1,"48":5,"49":5,"50":5,"51":5,"52":5,"53":4,"54":5,"55":1,"56":1,"57":1,"58":1,"59":4,"60":4,"61":4,"62":1,"63":1,"64":1,"65":1,"66":1,"67":1,"68":5,"69":4,"70":4,"71":4,"72":4,"73":4,"74":5,"75":5,"76":1,"77":1,"78":1,"79":1,"80":1,"81":1,"82":1,"83":1,"84":1,"85":1,"86":1,"87":1,"88":1,"89":1,"90":1,"91":1,"92":1,"93":1,"94":1,"95":1,"96":1,"97":1,"98":2,"99":2,"100":2,"101":2,"102":2,"103":2,"104":0,"105":0,"106":0,"107":0,"108":0,"109":0,"110":0,"111":2,"112":2,"113":2,"114":2,"115":1,"116":1,"117":1,"118":1,"119":1,"120":1,"121":1,"122":1,"123":1,"124":1,"125":1,"126":1,"127":0,"128":0,"129":0,"130":0,"131":0,"132":0,"133":1},"branchMap":{"0":{"type":"branch","line":48,"loc":{"start":{"line":48,"column":2},"end":{"line":62,"column":3}},"locations":[{"start":{"line":48,"column":2},"end":{"line":62,"column":3}}]},"1":{"type":"branch","line":53,"loc":{"start":{"line":53,"column":29},"end":{"line":54,"column":26}},"locations":[{"start":{"line":53,"column":29},"end":{"line":54,"column":26}}]},"2":{"type":"branch","line":55,"loc":{"start":{"line":55,"column":6},"end":{"line":59,"column":5}},"locations":[{"start":{"line":55,"column":6},"end":{"line":59,"column":5}}]},"3":{"type":"branch","line":60,"loc":{"start":{"line":60,"column":-1},"end":{"line":62,"column":3}},"locations":[{"start":{"line":60,"column":-1},"end":{"line":62,"column":3}}]},"4":{"type":"branch","line":68,"loc":{"start":{"line":68,"column":9},"end":{"line":76,"column":3}},"locations":[{"start":{"line":68,"column":9},"end":{"line":76,"column":3}}]},"5":{"type":"branch","line":69,"loc":{"start":{"line":69,"column":22},"end":{"line":74,"column":5}},"locations":[{"start":{"line":69,"column":22},"end":{"line":74,"column":5}}]},"6":{"type":"branch","line":98,"loc":{"start":{"line":98,"column":9},"end":{"line":133,"column":3}},"locations":[{"start":{"line":98,"column":9},"end":{"line":133,"column":3}}]},"7":{"type":"branch","line":104,"loc":{"start":{"line":104,"column":15},"end":{"line":104,"column":29}},"locations":[{"start":{"line":104,"column":15},"end":{"line":104,"column":29}}]},"8":{"type":"branch","line":104,"loc":{"start":{"line":104,"column":31},"end":{"line":111,"column":5}},"locations":[{"start":{"line":104,"column":31},"end":{"line":111,"column":5}}]},"9":{"type":"branch","line":115,"loc":{"start":{"line":115,"column":33},"end":{"line":127,"column":5}},"locations":[{"start":{"line":115,"column":33},"end":{"line":127,"column":5}}]},"10":{"type":"branch","line":128,"loc":{"start":{"line":128,"column":-1},"end":{"line":133,"column":3}},"locations":[{"start":{"line":128,"column":-1},"end":{"line":133,"column":3}}]}},"b":{"0":[5],"1":[4],"2":[1],"3":[4],"4":[5],"5":[4],"6":[2],"7":[0],"8":[0],"9":[1],"10":[0]},"fnMap":{"0":{"name":"Connection","decl":{"start":{"line":48,"column":2},"end":{"line":62,"column":3}},"loc":{"start":{"line":48,"column":2},"end":{"line":62,"column":3}},"line":48},"1":{"name":"getClient","decl":{"start":{"line":68,"column":9},"end":{"line":76,"column":3}},"loc":{"start":{"line":68,"column":9},"end":{"line":76,"column":3}},"line":68},"2":{"name":"model","decl":{"start":{"line":98,"column":9},"end":{"line":133,"column":3}},"loc":{"start":{"line":98,"column":9},"end":{"line":133,"column":3}},"line":98}},"f":{"0":5,"1":5,"2":2}}
,"/Users/will/code/pkg/tablestore-odm/src/model.ts": {"path":"/Users/will/code/pkg/tablestore-odm/src/model.ts","all":false,"statementMap":{"0":{"start":{"line":1,"column":0},"end":{"line":1,"column":41}},"1":{"start":{"line":2,"column":0},"end":{"line":2,"column":29}},"2":{"start":{"line":3,"column":0},"end":{"line":3,"column":0}},"3":{"start":{"line":4,"column":0},"end":{"line":4,"column":15}},"4":{"start":{"line":5,"column":0},"end":{"line":5,"column":42}},"5":{"start":{"line":6,"column":0},"end":{"line":6,"column":34}},"6":{"start":{"line":7,"column":0},"end":{"line":7,"column":38}},"7":{"start":{"line":8,"column":0},"end":{"line":8,"column":8}},"8":{"start":{"line":9,"column":0},"end":{"line":9,"column":17}},"9":{"start":{"line":10,"column":0},"end":{"line":10,"column":17}},"10":{"start":{"line":11,"column":0},"end":{"line":11,"column":26}},"11":{"start":{"line":12,"column":0},"end":{"line":12,"column":0}},"12":{"start":{"line":13,"column":0},"end":{"line":13,"column":26}},"13":{"start":{"line":14,"column":0},"end":{"line":14,"column":43}},"14":{"start":{"line":15,"column":0},"end":{"line":15,"column":43}},"15":{"start":{"line":16,"column":0},"end":{"line":16,"column":24}},"16":{"start":{"line":17,"column":0},"end":{"line":17,"column":40}},"17":{"start":{"line":18,"column":0},"end":{"line":18,"column":27}},"18":{"start":{"line":19,"column":0},"end":{"line":19,"column":5}},"19":{"start":{"line":20,"column":0},"end":{"line":20,"column":51}},"20":{"start":{"line":21,"column":0},"end":{"line":21,"column":32}},"21":{"start":{"line":22,"column":0},"end":{"line":22,"column":27}},"22":{"start":{"line":23,"column":0},"end":{"line":23,"column":5}},"23":{"start":{"line":24,"column":0},"end":{"line":24,"column":26}},"24":{"start":{"line":25,"column":0},"end":{"line":25,"column":32}},"25":{"start":{"line":26,"column":0},"end":{"line":26,"column":22}},"26":{"start":{"line":27,"column":0},"end":{"line":27,"column":2}},"27":{"start":{"line":28,"column":0},"end":{"line":28,"column":0}},"28":{"start":{"line":29,"column":0},"end":{"line":29,"column":3}},"29":{"start":{"line":30,"column":0},"end":{"line":30,"column":27}},"30":{"start":{"line":31,"column":0},"end":{"line":31,"column":41}},"31":{"start":{"line":32,"column":0},"end":{"line":32,"column":3}},"32":{"start":{"line":33,"column":0},"end":{"line":33,"column":29}},"33":{"start":{"line":34,"column":0},"end":{"line":34,"column":43}},"34":{"start":{"line":35,"column":0},"end":{"line":35,"column":33}},"35":{"start":{"line":36,"column":0},"end":{"line":36,"column":34}},"36":{"start":{"line":37,"column":0},"end":{"line":37,"column":3}},"37":{"start":{"line":38,"column":0},"end":{"line":38,"column":17}},"38":{"start":{"line":39,"column":0},"end":{"line":39,"column":29}},"39":{"start":{"line":40,"column":0},"end":{"line":40,"column":29}},"40":{"start":{"line":41,"column":0},"end":{"line":41,"column":35}},"41":{"start":{"line":42,"column":0},"end":{"line":42,"column":34}},"42":{"start":{"line":43,"column":0},"end":{"line":43,"column":37}},"43":{"start":{"line":44,"column":0},"end":{"line":44,"column":0}},"44":{"start":{"line":45,"column":0},"end":{"line":45,"column":19}},"45":{"start":{"line":46,"column":0},"end":{"line":46,"column":40}},"46":{"start":{"line":47,"column":0},"end":{"line":47,"column":0}},"47":{"start":{"line":48,"column":0},"end":{"line":48,"column":23}},"48":{"start":{"line":49,"column":0},"end":{"line":49,"column":39}},"49":{"start":{"line":50,"column":0},"end":{"line":50,"column":51}},"50":{"start":{"line":51,"column":0},"end":{"line":51,"column":19}},"51":{"start":{"line":52,"column":0},"end":{"line":52,"column":97}},"52":{"start":{"line":53,"column":0},"end":{"line":53,"column":0}},"53":{"start":{"line":54,"column":0},"end":{"line":54,"column":19}},"54":{"start":{"line":55,"column":0},"end":{"line":55,"column":61}},"55":{"start":{"line":56,"column":0},"end":{"line":56,"column":121}},"56":{"start":{"line":57,"column":0},"end":{"line":57,"column":95}},"57":{"start":{"line":58,"column":0},"end":{"line":58,"column":0}},"58":{"start":{"line":59,"column":0},"end":{"line":59,"column":28}},"59":{"start":{"line":60,"column":0},"end":{"line":60,"column":34}},"60":{"start":{"line":61,"column":0},"end":{"line":61,"column":1}},"61":{"start":{"line":62,"column":0},"end":{"line":62,"column":0}},"62":{"start":{"line":63,"column":0},"end":{"line":63,"column":3}},"63":{"start":{"line":64,"column":0},"end":{"line":64,"column":16}},"64":{"start":{"line":65,"column":0},"end":{"line":65,"column":19}},"65":{"start":{"line":66,"column":0},"end":{"line":66,"column":26}},"66":{"start":{"line":67,"column":0},"end":{"line":67,"column":22}},"67":{"start":{"line":68,"column":0},"end":{"line":68,"column":34}},"68":{"start":{"line":69,"column":0},"end":{"line":69,"column":19}},"69":{"start":{"line":70,"column":0},"end":{"line":70,"column":3}},"70":{"start":{"line":71,"column":0},"end":{"line":71,"column":70}},"71":{"start":{"line":72,"column":0},"end":{"line":72,"column":15}},"72":{"start":{"line":73,"column":0},"end":{"line":73,"column":26}},"73":{"start":{"line":74,"column":0},"end":{"line":74,"column":20}},"74":{"start":{"line":75,"column":0},"end":{"line":75,"column":24}},"75":{"start":{"line":76,"column":0},"end":{"line":76,"column":25}},"76":{"start":{"line":77,"column":0},"end":{"line":77,"column":38}},"77":{"start":{"line":78,"column":0},"end":{"line":78,"column":40}},"78":{"start":{"line":79,"column":0},"end":{"line":79,"column":0}},"79":{"start":{"line":80,"column":0},"end":{"line":80,"column":24}},"80":{"start":{"line":81,"column":0},"end":{"line":81,"column":22}},"81":{"start":{"line":82,"column":0},"end":{"line":82,"column":13}},"82":{"start":{"line":83,"column":0},"end":{"line":83,"column":29}},"83":{"start":{"line":84,"column":0},"end":{"line":84,"column":41}},"84":{"start":{"line":85,"column":0},"end":{"line":85,"column":82}},"85":{"start":{"line":86,"column":0},"end":{"line":86,"column":25}},"86":{"start":{"line":87,"column":0},"end":{"line":87,"column":48}},"87":{"start":{"line":88,"column":0},"end":{"line":88,"column":37}},"88":{"start":{"line":89,"column":0},"end":{"line":89,"column":14}},"89":{"start":{"line":90,"column":0},"end":{"line":90,"column":44}},"90":{"start":{"line":91,"column":0},"end":{"line":91,"column":61}},"91":{"start":{"line":92,"column":0},"end":{"line":92,"column":7}},"92":{"start":{"line":93,"column":0},"end":{"line":93,"column":5}},"93":{"start":{"line":94,"column":0},"end":{"line":94,"column":0}},"94":{"start":{"line":95,"column":0},"end":{"line":95,"column":19}},"95":{"start":{"line":96,"column":0},"end":{"line":96,"column":41}},"96":{"start":{"line":97,"column":0},"end":{"line":97,"column":33}},"97":{"start":{"line":98,"column":0},"end":{"line":98,"column":42}},"98":{"start":{"line":99,"column":0},"end":{"line":99,"column":49}},"99":{"start":{"line":100,"column":0},"end":{"line":100,"column":31}},"100":{"start":{"line":101,"column":0},"end":{"line":101,"column":30}},"101":{"start":{"line":102,"column":0},"end":{"line":102,"column":60}},"102":{"start":{"line":103,"column":0},"end":{"line":103,"column":27}},"103":{"start":{"line":104,"column":0},"end":{"line":104,"column":27}},"104":{"start":{"line":105,"column":0},"end":{"line":105,"column":10}},"105":{"start":{"line":106,"column":0},"end":{"line":106,"column":36}},"106":{"start":{"line":107,"column":0},"end":{"line":107,"column":44}},"107":{"start":{"line":108,"column":0},"end":{"line":108,"column":45}},"108":{"start":{"line":109,"column":0},"end":{"line":109,"column":9}},"109":{"start":{"line":110,"column":0},"end":{"line":110,"column":25}},"110":{"start":{"line":111,"column":0},"end":{"line":111,"column":43}},"111":{"start":{"line":112,"column":0},"end":{"line":112,"column":31}},"112":{"start":{"line":113,"column":0},"end":{"line":113,"column":51}},"113":{"start":{"line":114,"column":0},"end":{"line":114,"column":7}},"114":{"start":{"line":115,"column":0},"end":{"line":115,"column":0}},"115":{"start":{"line":116,"column":0},"end":{"line":116,"column":51}},"116":{"start":{"line":117,"column":0},"end":{"line":117,"column":62}},"117":{"start":{"line":118,"column":0},"end":{"line":118,"column":57}},"118":{"start":{"line":119,"column":0},"end":{"line":119,"column":45}},"119":{"start":{"line":120,"column":0},"end":{"line":120,"column":0}},"120":{"start":{"line":121,"column":0},"end":{"line":121,"column":83}},"121":{"start":{"line":122,"column":0},"end":{"line":122,"column":82}},"122":{"start":{"line":123,"column":0},"end":{"line":123,"column":0}},"123":{"start":{"line":124,"column":0},"end":{"line":124,"column":38}},"124":{"start":{"line":125,"column":0},"end":{"line":125,"column":57}},"125":{"start":{"line":126,"column":0},"end":{"line":126,"column":68}},"126":{"start":{"line":127,"column":0},"end":{"line":127,"column":57}},"127":{"start":{"line":128,"column":0},"end":{"line":128,"column":62}},"128":{"start":{"line":129,"column":0},"end":{"line":129,"column":0}},"129":{"start":{"line":130,"column":0},"end":{"line":130,"column":93}},"130":{"start":{"line":131,"column":0},"end":{"line":131,"column":61}},"131":{"start":{"line":132,"column":0},"end":{"line":132,"column":0}},"132":{"start":{"line":133,"column":0},"end":{"line":133,"column":33}},"133":{"start":{"line":134,"column":0},"end":{"line":134,"column":33}},"134":{"start":{"line":135,"column":0},"end":{"line":135,"column":21}},"135":{"start":{"line":136,"column":0},"end":{"line":136,"column":11}},"136":{"start":{"line":137,"column":0},"end":{"line":137,"column":0}},"137":{"start":{"line":138,"column":0},"end":{"line":138,"column":23}},"138":{"start":{"line":139,"column":0},"end":{"line":139,"column":46}},"139":{"start":{"line":140,"column":0},"end":{"line":140,"column":55}},"140":{"start":{"line":141,"column":0},"end":{"line":141,"column":18}},"141":{"start":{"line":142,"column":0},"end":{"line":142,"column":54}},"142":{"start":{"line":143,"column":0},"end":{"line":143,"column":11}},"143":{"start":{"line":144,"column":0},"end":{"line":144,"column":9}},"144":{"start":{"line":145,"column":0},"end":{"line":145,"column":7}},"145":{"start":{"line":146,"column":0},"end":{"line":146,"column":0}},"146":{"start":{"line":147,"column":0},"end":{"line":147,"column":21}},"147":{"start":{"line":148,"column":0},"end":{"line":148,"column":74}},"148":{"start":{"line":149,"column":0},"end":{"line":149,"column":72}},"149":{"start":{"line":150,"column":0},"end":{"line":150,"column":79}},"150":{"start":{"line":151,"column":0},"end":{"line":151,"column":7}},"151":{"start":{"line":152,"column":0},"end":{"line":152,"column":0}},"152":{"start":{"line":153,"column":0},"end":{"line":153,"column":21}},"153":{"start":{"line":154,"column":0},"end":{"line":154,"column":47}},"154":{"start":{"line":155,"column":0},"end":{"line":155,"column":29}},"155":{"start":{"line":156,"column":0},"end":{"line":156,"column":28}},"156":{"start":{"line":157,"column":0},"end":{"line":157,"column":65}},"157":{"start":{"line":158,"column":0},"end":{"line":158,"column":93}},"158":{"start":{"line":159,"column":0},"end":{"line":159,"column":38}},"159":{"start":{"line":160,"column":0},"end":{"line":160,"column":43}},"160":{"start":{"line":161,"column":0},"end":{"line":161,"column":66}},"161":{"start":{"line":162,"column":0},"end":{"line":162,"column":8}},"162":{"start":{"line":163,"column":0},"end":{"line":163,"column":0}},"163":{"start":{"line":164,"column":0},"end":{"line":164,"column":11}},"164":{"start":{"line":165,"column":0},"end":{"line":165,"column":36}},"165":{"start":{"line":166,"column":0},"end":{"line":166,"column":42}},"166":{"start":{"line":167,"column":0},"end":{"line":167,"column":41}},"167":{"start":{"line":168,"column":0},"end":{"line":168,"column":23}},"168":{"start":{"line":169,"column":0},"end":{"line":169,"column":51}},"169":{"start":{"line":170,"column":0},"end":{"line":170,"column":30}},"170":{"start":{"line":171,"column":0},"end":{"line":171,"column":7}},"171":{"start":{"line":172,"column":0},"end":{"line":172,"column":5}},"172":{"start":{"line":173,"column":0},"end":{"line":173,"column":0}},"173":{"start":{"line":174,"column":0},"end":{"line":174,"column":7}},"174":{"start":{"line":175,"column":0},"end":{"line":175,"column":12}},"175":{"start":{"line":176,"column":0},"end":{"line":176,"column":29}},"176":{"start":{"line":177,"column":0},"end":{"line":177,"column":45}},"177":{"start":{"line":178,"column":0},"end":{"line":178,"column":7}},"178":{"start":{"line":179,"column":0},"end":{"line":179,"column":59}},"179":{"start":{"line":180,"column":0},"end":{"line":180,"column":27}},"180":{"start":{"line":181,"column":0},"end":{"line":181,"column":48}},"181":{"start":{"line":182,"column":0},"end":{"line":182,"column":42}},"182":{"start":{"line":183,"column":0},"end":{"line":183,"column":5}},"183":{"start":{"line":184,"column":0},"end":{"line":184,"column":0}},"184":{"start":{"line":185,"column":0},"end":{"line":185,"column":7}},"185":{"start":{"line":186,"column":0},"end":{"line":186,"column":12}},"186":{"start":{"line":187,"column":0},"end":{"line":187,"column":29}},"187":{"start":{"line":188,"column":0},"end":{"line":188,"column":34}},"188":{"start":{"line":189,"column":0},"end":{"line":189,"column":7}},"189":{"start":{"line":190,"column":0},"end":{"line":190,"column":35}},"190":{"start":{"line":191,"column":0},"end":{"line":191,"column":39}},"191":{"start":{"line":192,"column":0},"end":{"line":192,"column":42}},"192":{"start":{"line":193,"column":0},"end":{"line":193,"column":5}},"193":{"start":{"line":194,"column":0},"end":{"line":194,"column":0}},"194":{"start":{"line":195,"column":0},"end":{"line":195,"column":21}},"195":{"start":{"line":196,"column":0},"end":{"line":196,"column":25}},"196":{"start":{"line":197,"column":0},"end":{"line":197,"column":31}},"197":{"start":{"line":198,"column":0},"end":{"line":198,"column":5}},"198":{"start":{"line":199,"column":0},"end":{"line":199,"column":3}},"199":{"start":{"line":200,"column":0},"end":{"line":200,"column":0}},"200":{"start":{"line":201,"column":0},"end":{"line":201,"column":14}},"201":{"start":{"line":202,"column":0},"end":{"line":202,"column":45}},"202":{"start":{"line":203,"column":0},"end":{"line":203,"column":70}},"203":{"start":{"line":204,"column":0},"end":{"line":204,"column":19}},"204":{"start":{"line":205,"column":0},"end":{"line":205,"column":37}},"205":{"start":{"line":206,"column":0},"end":{"line":206,"column":42}},"206":{"start":{"line":207,"column":0},"end":{"line":207,"column":36}},"207":{"start":{"line":208,"column":0},"end":{"line":208,"column":44}},"208":{"start":{"line":209,"column":0},"end":{"line":209,"column":44}},"209":{"start":{"line":210,"column":0},"end":{"line":210,"column":62}},"210":{"start":{"line":211,"column":0},"end":{"line":211,"column":5}},"211":{"start":{"line":212,"column":0},"end":{"line":212,"column":0}},"212":{"start":{"line":213,"column":0},"end":{"line":213,"column":19}},"213":{"start":{"line":214,"column":0},"end":{"line":214,"column":31}},"214":{"start":{"line":215,"column":0},"end":{"line":215,"column":18}},"215":{"start":{"line":216,"column":0},"end":{"line":216,"column":32}},"216":{"start":{"line":217,"column":0},"end":{"line":217,"column":5}},"217":{"start":{"line":218,"column":0},"end":{"line":218,"column":0}},"218":{"start":{"line":219,"column":0},"end":{"line":219,"column":19}},"219":{"start":{"line":220,"column":0},"end":{"line":220,"column":20}},"220":{"start":{"line":221,"column":0},"end":{"line":221,"column":67}},"221":{"start":{"line":222,"column":0},"end":{"line":222,"column":47}},"222":{"start":{"line":223,"column":0},"end":{"line":223,"column":39}},"223":{"start":{"line":224,"column":0},"end":{"line":224,"column":47}},"224":{"start":{"line":225,"column":0},"end":{"line":225,"column":0}},"225":{"start":{"line":226,"column":0},"end":{"line":226,"column":38}},"226":{"start":{"line":227,"column":0},"end":{"line":227,"column":49}},"227":{"start":{"line":228,"column":0},"end":{"line":228,"column":31}},"228":{"start":{"line":229,"column":0},"end":{"line":229,"column":67}},"229":{"start":{"line":230,"column":0},"end":{"line":230,"column":27}},"230":{"start":{"line":231,"column":0},"end":{"line":231,"column":27}},"231":{"start":{"line":232,"column":0},"end":{"line":232,"column":10}},"232":{"start":{"line":233,"column":0},"end":{"line":233,"column":44}},"233":{"start":{"line":234,"column":0},"end":{"line":234,"column":45}},"234":{"start":{"line":235,"column":0},"end":{"line":235,"column":9}},"235":{"start":{"line":236,"column":0},"end":{"line":236,"column":43}},"236":{"start":{"line":237,"column":0},"end":{"line":237,"column":58}},"237":{"start":{"line":238,"column":0},"end":{"line":238,"column":7}},"238":{"start":{"line":239,"column":0},"end":{"line":239,"column":0}},"239":{"start":{"line":240,"column":0},"end":{"line":240,"column":50}},"240":{"start":{"line":241,"column":0},"end":{"line":241,"column":31}},"241":{"start":{"line":242,"column":0},"end":{"line":242,"column":34}},"242":{"start":{"line":243,"column":0},"end":{"line":243,"column":25}},"243":{"start":{"line":244,"column":0},"end":{"line":244,"column":5}},"244":{"start":{"line":245,"column":0},"end":{"line":245,"column":0}},"245":{"start":{"line":246,"column":0},"end":{"line":246,"column":20}},"246":{"start":{"line":247,"column":0},"end":{"line":247,"column":26}},"247":{"start":{"line":248,"column":0},"end":{"line":248,"column":69}},"248":{"start":{"line":249,"column":0},"end":{"line":249,"column":42}},"249":{"start":{"line":250,"column":0},"end":{"line":250,"column":59}},"250":{"start":{"line":251,"column":0},"end":{"line":251,"column":36}},"251":{"start":{"line":252,"column":0},"end":{"line":252,"column":43}},"252":{"start":{"line":253,"column":0},"end":{"line":253,"column":10}},"253":{"start":{"line":254,"column":0},"end":{"line":254,"column":63}},"254":{"start":{"line":255,"column":0},"end":{"line":255,"column":59}},"255":{"start":{"line":256,"column":0},"end":{"line":256,"column":9}},"256":{"start":{"line":257,"column":0},"end":{"line":257,"column":86}},"257":{"start":{"line":258,"column":0},"end":{"line":258,"column":7}},"258":{"start":{"line":259,"column":0},"end":{"line":259,"column":0}},"259":{"start":{"line":260,"column":0},"end":{"line":260,"column":32}},"260":{"start":{"line":261,"column":0},"end":{"line":261,"column":11}},"261":{"start":{"line":262,"column":0},"end":{"line":262,"column":49}},"262":{"start":{"line":263,"column":0},"end":{"line":263,"column":36}},"263":{"start":{"line":264,"column":0},"end":{"line":264,"column":50}},"264":{"start":{"line":265,"column":0},"end":{"line":265,"column":42}},"265":{"start":{"line":266,"column":0},"end":{"line":266,"column":14}},"266":{"start":{"line":267,"column":0},"end":{"line":267,"column":25}},"267":{"start":{"line":268,"column":0},"end":{"line":268,"column":58}},"268":{"start":{"line":269,"column":0},"end":{"line":269,"column":10}},"269":{"start":{"line":270,"column":0},"end":{"line":270,"column":0}},"270":{"start":{"line":271,"column":0},"end":{"line":271,"column":58}},"271":{"start":{"line":272,"column":0},"end":{"line":272,"column":0}},"272":{"start":{"line":273,"column":0},"end":{"line":273,"column":29}},"273":{"start":{"line":274,"column":0},"end":{"line":274,"column":71}},"274":{"start":{"line":275,"column":0},"end":{"line":275,"column":22}},"275":{"start":{"line":276,"column":0},"end":{"line":276,"column":9}},"276":{"start":{"line":277,"column":0},"end":{"line":277,"column":0}},"277":{"start":{"line":278,"column":0},"end":{"line":278,"column":41}},"278":{"start":{"line":279,"column":0},"end":{"line":279,"column":61}},"279":{"start":{"line":280,"column":0},"end":{"line":280,"column":28}},"280":{"start":{"line":281,"column":0},"end":{"line":281,"column":46}},"281":{"start":{"line":282,"column":0},"end":{"line":282,"column":46}},"282":{"start":{"line":283,"column":0},"end":{"line":283,"column":10}},"283":{"start":{"line":284,"column":0},"end":{"line":284,"column":0}},"284":{"start":{"line":285,"column":0},"end":{"line":285,"column":23}},"285":{"start":{"line":286,"column":0},"end":{"line":286,"column":37}},"286":{"start":{"line":287,"column":0},"end":{"line":287,"column":25}},"287":{"start":{"line":288,"column":0},"end":{"line":288,"column":54}},"288":{"start":{"line":289,"column":0},"end":{"line":289,"column":69}},"289":{"start":{"line":290,"column":0},"end":{"line":290,"column":0}},"290":{"start":{"line":291,"column":0},"end":{"line":291,"column":48}},"291":{"start":{"line":292,"column":0},"end":{"line":292,"column":20}},"292":{"start":{"line":293,"column":0},"end":{"line":293,"column":31}},"293":{"start":{"line":294,"column":0},"end":{"line":294,"column":33}},"294":{"start":{"line":295,"column":0},"end":{"line":295,"column":67}},"295":{"start":{"line":296,"column":0},"end":{"line":296,"column":20}},"296":{"start":{"line":297,"column":0},"end":{"line":297,"column":37}},"297":{"start":{"line":298,"column":0},"end":{"line":298,"column":39}},"298":{"start":{"line":299,"column":0},"end":{"line":299,"column":11}},"299":{"start":{"line":300,"column":0},"end":{"line":300,"column":0}},"300":{"start":{"line":301,"column":0},"end":{"line":301,"column":50}},"301":{"start":{"line":302,"column":0},"end":{"line":302,"column":63}},"302":{"start":{"line":303,"column":0},"end":{"line":303,"column":30}},"303":{"start":{"line":304,"column":0},"end":{"line":304,"column":97}},"304":{"start":{"line":305,"column":0},"end":{"line":305,"column":80}},"305":{"start":{"line":306,"column":0},"end":{"line":306,"column":20}},"306":{"start":{"line":307,"column":0},"end":{"line":307,"column":38}},"307":{"start":{"line":308,"column":0},"end":{"line":308,"column":44}},"308":{"start":{"line":309,"column":0},"end":{"line":309,"column":35}},"309":{"start":{"line":310,"column":0},"end":{"line":310,"column":13}},"310":{"start":{"line":311,"column":0},"end":{"line":311,"column":11}},"311":{"start":{"line":312,"column":0},"end":{"line":312,"column":11}},"312":{"start":{"line":313,"column":0},"end":{"line":313,"column":0}},"313":{"start":{"line":314,"column":0},"end":{"line":314,"column":36}},"314":{"start":{"line":315,"column":0},"end":{"line":315,"column":70}},"315":{"start":{"line":316,"column":0},"end":{"line":316,"column":0}},"316":{"start":{"line":317,"column":0},"end":{"line":317,"column":44}},"317":{"start":{"line":318,"column":0},"end":{"line":318,"column":67}},"318":{"start":{"line":319,"column":0},"end":{"line":319,"column":23}},"319":{"start":{"line":320,"column":0},"end":{"line":320,"column":56}},"320":{"start":{"line":321,"column":0},"end":{"line":321,"column":32}},"321":{"start":{"line":322,"column":0},"end":{"line":322,"column":20}},"322":{"start":{"line":323,"column":0},"end":{"line":323,"column":7}},"323":{"start":{"line":324,"column":0},"end":{"line":324,"column":5}},"324":{"start":{"line":325,"column":0},"end":{"line":325,"column":0}},"325":{"start":{"line":326,"column":0},"end":{"line":326,"column":28}},"326":{"start":{"line":327,"column":0},"end":{"line":327,"column":7}},"327":{"start":{"line":328,"column":0},"end":{"line":328,"column":49}},"328":{"start":{"line":329,"column":0},"end":{"line":329,"column":7}},"329":{"start":{"line":330,"column":0},"end":{"line":330,"column":82}},"330":{"start":{"line":331,"column":0},"end":{"line":331,"column":59}},"331":{"start":{"line":332,"column":0},"end":{"line":332,"column":28}},"332":{"start":{"line":333,"column":0},"end":{"line":333,"column":43}},"333":{"start":{"line":334,"column":0},"end":{"line":334,"column":5}},"334":{"start":{"line":335,"column":0},"end":{"line":335,"column":0}},"335":{"start":{"line":336,"column":0},"end":{"line":336,"column":54}},"336":{"start":{"line":337,"column":0},"end":{"line":337,"column":3}},"337":{"start":{"line":338,"column":0},"end":{"line":338,"column":0}},"338":{"start":{"line":339,"column":0},"end":{"line":339,"column":40}},"339":{"start":{"line":340,"column":0},"end":{"line":340,"column":39}},"340":{"start":{"line":341,"column":0},"end":{"line":341,"column":55}},"341":{"start":{"line":342,"column":0},"end":{"line":342,"column":1}}},"s":{"0":1,"1":1,"2":1,"3":1,"4":1,"5":1,"6":1,"7":1,"8":1,"9":1,"10":1,"11":1,"12":1,"13":1,"14":1,"15":1,"16":1,"17":1,"18":1,"19":1,"20":1,"21":1,"22":1,"23":1,"24":1,"25":1,"26":1,"27":1,"28":1,"29":1,"30":1,"31":1,"32":1,"33":1,"34":1,"35":1,"36":1,"37":1,"38":1,"39":1,"40":1,"41":1,"42":1,"43":1,"44":1,"45":1,"46":1,"47":1,"48":1,"49":1,"50":1,"51":1,"52":1,"53":1,"54":1,"55":1,"56":1,"57":1,"58":1,"59":1,"60":1,"61":1,"62":1,"63":1,"64":1,"65":1,"66":1,"67":1,"68":1,"69":1,"70":2,"71":2,"72":2,"73":2,"74":2,"75":2,"76":2,"77":2,"78":2,"79":2,"80":2,"81":2,"82":2,"83":2,"84":2,"85":11,"86":0,"87":0,"88":11,"89":11,"90":11,"91":11,"92":11,"93":2,"94":2,"95":2,"96":2,"97":3,"98":3,"99":3,"100":3,"101":3,"102":3,"103":3,"104":3,"105":3,"106":3,"107":0,"108":0,"109":3,"110":3,"111":3,"112":3,"113":3,"114":3,"115":3,"116":3,"117":3,"118":3,"119":3,"120":3,"121":3,"122":3,"123":3,"124":3,"125":24,"126":18,"127":18,"128":18,"129":18,"130":18,"131":18,"132":18,"133":18,"134":0,"135":0,"136":18,"137":18,"138":18,"139":6,"140":18,"141":12,"142":12,"143":18,"144":24,"145":3,"146":3,"147":3,"148":3,"149":0,"150":0,"151":3,"152":3,"153":3,"154":3,"155":3,"156":3,"157":3,"158":3,"159":3,"160":3,"161":3,"162":3,"163":3,"164":3,"165":2,"166":2,"167":3,"168":1,"169":1,"170":1,"171":3,"172":2,"173":2,"174":2,"175":2,"176":2,"177":2,"178":2,"179":1,"180":1,"181":1,"182":1,"183":2,"184":2,"185":2,"186":2,"187":2,"188":2,"189":2,"190":1,"191":1,"192":1,"193":2,"194":2,"195":2,"196":4,"197":4,"198":2,"199":2,"200":2,"201":2,"202":2,"203":2,"204":2,"205":2,"206":2,"207":2,"208":2,"209":9,"210":9,"211":2,"212":2,"213":2,"214":11,"215":11,"216":11,"217":2,"218":2,"219":2,"220":2,"221":2,"222":2,"223":2,"224":2,"225":2,"226":2,"227":1,"228":1,"229":1,"230":1,"231":1,"232":1,"233":0,"234":0,"235":1,"236":1,"237":1,"238":1,"239":1,"240":1,"241":1,"242":1,"243":1,"244":2,"245":2,"246":2,"247":5,"248":5,"249":5,"250":5,"251":5,"252":5,"253":5,"254":4,"255":5,"256":1,"257":1,"258":4,"259":4,"260":4,"261":4,"262":4,"263":4,"264":8,"265":4,"266":4,"267":4,"268":4,"269":4,"270":4,"271":3,"272":3,"273":5,"274":1,"275":1,"276":2,"277":2,"278":2,"279":2,"280":5,"281":5,"282":5,"283":5,"284":5,"285":5,"286":14,"287":14,"288":14,"289":14,"290":14,"291":4,"292":4,"293":4,"294":14,"295":10,"296":10,"297":10,"298":10,"299":14,"300":14,"301":14,"302":14,"303":14,"304":14,"305":14,"306":0,"307":0,"308":0,"309":0,"310":14,"311":5,"312":5,"313":5,"314":5,"315":5,"316":5,"317":5,"318":5,"319":1,"320":1,"321":1,"322":1,"323":5,"324":2,"325":2,"326":2,"327":2,"328":2,"329":2,"330":2,"331":2,"332":2,"333":2,"334":2,"335":2,"336":2,"337":2,"338":2,"339":2,"340":2,"341":2},"branchMap":{"0":{"type":"branch","line":71,"loc":{"start":{"line":71,"column":0},"end":{"line":342,"column":1}},"locations":[{"start":{"line":71,"column":0},"end":{"line":342,"column":1}}]},"1":{"type":"branch","line":85,"loc":{"start":{"line":85,"column":4},"end":{"line":93,"column":5}},"locations":[{"start":{"line":85,"column":4},"end":{"line":93,"column":5}}]},"2":{"type":"branch","line":86,"loc":{"start":{"line":86,"column":24},"end":{"line":89,"column":7}},"locations":[{"start":{"line":86,"column":24},"end":{"line":89,"column":7}}]},"3":{"type":"branch","line":97,"loc":{"start":{"line":97,"column":4},"end":{"line":172,"column":5}},"locations":[{"start":{"line":97,"column":4},"end":{"line":172,"column":5}}]},"4":{"type":"branch","line":107,"loc":{"start":{"line":107,"column":43},"end":{"line":109,"column":9}},"locations":[{"start":{"line":107,"column":43},"end":{"line":109,"column":9}}]},"5":{"type":"branch","line":125,"loc":{"start":{"line":125,"column":56},"end":{"line":145,"column":7}},"locations":[{"start":{"line":125,"column":56},"end":{"line":145,"column":7}}]},"6":{"type":"branch","line":126,"loc":{"start":{"line":126,"column":67},"end":{"line":144,"column":9}},"locations":[{"start":{"line":126,"column":67},"end":{"line":144,"column":9}}]},"7":{"type":"branch","line":134,"loc":{"start":{"line":134,"column":32},"end":{"line":136,"column":11}},"locations":[{"start":{"line":134,"column":32},"end":{"line":136,"column":11}}]},"8":{"type":"branch","line":139,"loc":{"start":{"line":139,"column":45},"end":{"line":141,"column":11}},"locations":[{"start":{"line":139,"column":45},"end":{"line":141,"column":11}}]},"9":{"type":"branch","line":141,"loc":{"start":{"line":141,"column":11},"end":{"line":143,"column":11}},"locations":[{"start":{"line":141,"column":11},"end":{"line":143,"column":11}}]},"10":{"type":"branch","line":149,"loc":{"start":{"line":149,"column":71},"end":{"line":151,"column":7}},"locations":[{"start":{"line":149,"column":71},"end":{"line":151,"column":7}}]},"11":{"type":"branch","line":166,"loc":{"start":{"line":166,"column":-1},"end":{"line":168,"column":15}},"locations":[{"start":{"line":166,"column":-1},"end":{"line":168,"column":15}}]},"12":{"type":"branch","line":168,"loc":{"start":{"line":168,"column":8},"end":{"line":171,"column":7}},"locations":[{"start":{"line":168,"column":8},"end":{"line":171,"column":7}}]},"13":{"type":"branch","line":179,"loc":{"start":{"line":179,"column":4},"end":{"line":183,"column":5}},"locations":[{"start":{"line":179,"column":4},"end":{"line":183,"column":5}}]},"14":{"type":"branch","line":190,"loc":{"start":{"line":190,"column":4},"end":{"line":193,"column":5}},"locations":[{"start":{"line":190,"column":4},"end":{"line":193,"column":5}}]},"15":{"type":"branch","line":196,"loc":{"start":{"line":196,"column":4},"end":{"line":198,"column":5}},"locations":[{"start":{"line":196,"column":4},"end":{"line":198,"column":5}}]},"16":{"type":"branch","line":209,"loc":{"start":{"line":209,"column":10},"end":{"line":211,"column":5}},"locations":[{"start":{"line":209,"column":10},"end":{"line":211,"column":5}}]},"17":{"type":"branch","line":214,"loc":{"start":{"line":214,"column":4},"end":{"line":217,"column":5}},"locations":[{"start":{"line":214,"column":4},"end":{"line":217,"column":5}}]},"18":{"type":"branch","line":221,"loc":{"start":{"line":221,"column":11},"end":{"line":244,"column":5}},"locations":[{"start":{"line":221,"column":11},"end":{"line":244,"column":5}}]},"19":{"type":"branch","line":227,"loc":{"start":{"line":227,"column":48},"end":{"line":244,"column":5}},"locations":[{"start":{"line":227,"column":48},"end":{"line":244,"column":5}}]},"20":{"type":"branch","line":233,"loc":{"start":{"line":233,"column":43},"end":{"line":235,"column":9}},"locations":[{"start":{"line":233,"column":43},"end":{"line":235,"column":9}}]},"21":{"type":"branch","line":247,"loc":{"start":{"line":247,"column":11},"end":{"line":324,"column":5}},"locations":[{"start":{"line":247,"column":11},"end":{"line":324,"column":5}}]},"22":{"type":"branch","line":254,"loc":{"start":{"line":254,"column":60},"end":{"line":255,"column":59}},"locations":[{"start":{"line":254,"column":60},"end":{"line":255,"column":59}}]},"23":{"type":"branch","line":256,"loc":{"start":{"line":256,"column":8},"end":{"line":258,"column":7}},"locations":[{"start":{"line":256,"column":8},"end":{"line":258,"column":7}}]},"24":{"type":"branch","line":259,"loc":{"start":{"line":259,"column":-1},"end":{"line":271,"column":58}},"locations":[{"start":{"line":259,"column":-1},"end":{"line":271,"column":58}}]},"25":{"type":"branch","line":272,"loc":{"start":{"line":272,"column":-1},"end":{"line":274,"column":26}},"locations":[{"start":{"line":272,"column":-1},"end":{"line":274,"column":26}}]},"26":{"type":"branch","line":274,"loc":{"start":{"line":274,"column":26},"end":{"line":274,"column":38}},"locations":[{"start":{"line":274,"column":26},"end":{"line":274,"column":38}}]},"27":{"type":"branch","line":274,"loc":{"start":{"line":274,"column":38},"end":{"line":274,"column":68}},"locations":[{"start":{"line":274,"column":38},"end":{"line":274,"column":68}}]},"28":{"type":"branch","line":274,"loc":{"start":{"line":274,"column":56},"end":{"line":274,"column":68}},"locations":[{"start":{"line":274,"column":56},"end":{"line":274,"column":68}}]},"29":{"type":"branch","line":274,"loc":{"start":{"line":274,"column":70},"end":{"line":276,"column":9}},"locations":[{"start":{"line":274,"column":70},"end":{"line":276,"column":9}}]},"30":{"type":"branch","line":277,"loc":{"start":{"line":277,"column":-1},"end":{"line":281,"column":38}},"locations":[{"start":{"line":277,"column":-1},"end":{"line":281,"column":38}}]},"31":{"type":"branch","line":281,"loc":{"start":{"line":281,"column":38},"end":{"line":281,"column":44}},"locations":[{"start":{"line":281,"column":38},"end":{"line":281,"column":44}}]},"32":{"type":"branch","line":282,"loc":{"start":{"line":282,"column":26},"end":{"line":282,"column":38}},"locations":[{"start":{"line":282,"column":26},"end":{"line":282,"column":38}}]},"33":{"type":"branch","line":282,"loc":{"start":{"line":282,"column":38},"end":{"line":282,"column":44}},"locations":[{"start":{"line":282,"column":38},"end":{"line":282,"column":44}}]},"34":{"type":"branch","line":319,"loc":{"start":{"line":319,"column":8},"end":{"line":323,"column":7}},"locations":[{"start":{"line":319,"column":8},"end":{"line":323,"column":7}}]},"35":{"type":"branch","line":255,"loc":{"start":{"line":255,"column":25},"end":{"line":255,"column":58}},"locations":[{"start":{"line":255,"column":25},"end":{"line":255,"column":58}}]},"36":{"type":"branch","line":264,"loc":{"start":{"line":264,"column":36},"end":{"line":266,"column":12}},"locations":[{"start":{"line":264,"column":36},"end":{"line":266,"column":12}}]},"37":{"type":"branch","line":286,"loc":{"start":{"line":286,"column":27},"end":{"line":312,"column":9}},"locations":[{"start":{"line":286,"column":27},"end":{"line":312,"column":9}}]},"38":{"type":"branch","line":291,"loc":{"start":{"line":291,"column":27},"end":{"line":291,"column":45}},"locations":[{"start":{"line":291,"column":27},"end":{"line":291,"column":45}}]},"39":{"type":"branch","line":291,"loc":{"start":{"line":291,"column":47},"end":{"line":295,"column":11}},"locations":[{"start":{"line":291,"column":47},"end":{"line":295,"column":11}}]},"40":{"type":"branch","line":295,"loc":{"start":{"line":295,"column":11},"end":{"line":299,"column":11}},"locations":[{"start":{"line":295,"column":11},"end":{"line":299,"column":11}}]},"41":{"type":"branch","line":306,"loc":{"start":{"line":306,"column":13},"end":{"line":310,"column":13}},"locations":[{"start":{"line":306,"column":13},"end":{"line":310,"column":13}}]},"42":{"type":"branch","line":330,"loc":{"start":{"line":330,"column":21},"end":{"line":334,"column":5}},"locations":[{"start":{"line":330,"column":21},"end":{"line":334,"column":5}}]}},"b":{"0":[2],"1":[11],"2":[0],"3":[3],"4":[0],"5":[24],"6":[18],"7":[0],"8":[6],"9":[12],"10":[0],"11":[2],"12":[1],"13":[1],"14":[1],"15":[4],"16":[9],"17":[11],"18":[2],"19":[1],"20":[0],"21":[5],"22":[4],"23":[1],"24":[4],"25":[3],"26":[2],"27":[1],"28":[0],"29":[1],"30":[2],"31":[0],"32":[2],"33":[0],"34":[1],"35":[8],"36":[8],"37":[14],"38":[4],"39":[4],"40":[10],"41":[0],"42":[2]},"fnMap":{"0":{"name":"createModel","decl":{"start":{"line":71,"column":0},"end":{"line":342,"column":1}},"loc":{"start":{"line":71,"column":0},"end":{"line":342,"column":1}},"line":71},"1":{"name":"BaseDocument","decl":{"start":{"line":85,"column":4},"end":{"line":93,"column":5}},"loc":{"start":{"line":85,"column":4},"end":{"line":93,"column":5}},"line":85},"2":{"name":"save","decl":{"start":{"line":97,"column":4},"end":{"line":172,"column":5}},"loc":{"start":{"line":97,"column":4},"end":{"line":172,"column":5}},"line":97},"3":{"name":"update","decl":{"start":{"line":179,"column":4},"end":{"line":183,"column":5}},"loc":{"start":{"line":179,"column":4},"end":{"line":183,"column":5}},"line":179},"4":{"name":"delete","decl":{"start":{"line":190,"column":4},"end":{"line":193,"column":5}},"loc":{"start":{"line":190,"column":4},"end":{"line":193,"column":5}},"line":190},"5":{"name":"toObject","decl":{"start":{"line":196,"column":4},"end":{"line":198,"column":5}},"loc":{"start":{"line":196,"column":4},"end":{"line":198,"column":5}},"line":196},"6":{"name":"get client","decl":{"start":{"line":209,"column":10},"end":{"line":211,"column":5}},"loc":{"start":{"line":209,"column":10},"end":{"line":211,"column":5}},"line":209},"7":{"name":"ModelClass","decl":{"start":{"line":214,"column":4},"end":{"line":217,"column":5}},"loc":{"start":{"line":214,"column":4},"end":{"line":217,"column":5}},"line":214},"8":{"name":"create","decl":{"start":{"line":221,"column":11},"end":{"line":244,"column":5}},"loc":{"start":{"line":221,"column":11},"end":{"line":244,"column":5}},"line":221},"9":{"name":"findById","decl":{"start":{"line":247,"column":11},"end":{"line":324,"column":5}},"loc":{"start":{"line":247,"column":11},"end":{"line":324,"column":5}},"line":247},"10":{"name":"_createInstanceFromOutput","decl":{"start":{"line":330,"column":21},"end":{"line":334,"column":5}},"loc":{"start":{"line":330,"column":21},"end":{"line":334,"column":5}},"line":330}},"f":{"0":2,"1":11,"2":3,"3":1,"4":1,"5":4,"6":9,"7":11,"8":2,"9":5,"10":2}}
,"/Users/will/code/pkg/tablestore-odm/src/schema.ts": {"path":"/Users/will/code/pkg/tablestore-odm/src/schema.ts","all":false,"statementMap":{"0":{"start":{"line":1,"column":0},"end":{"line":1,"column":16}},"1":{"start":{"line":2,"column":0},"end":{"line":2,"column":29}},"2":{"start":{"line":3,"column":0},"end":{"line":3,"column":0}},"3":{"start":{"line":4,"column":0},"end":{"line":4,"column":3}},"4":{"start":{"line":5,"column":0},"end":{"line":5,"column":53}},"5":{"start":{"line":6,"column":0},"end":{"line":6,"column":68}},"6":{"start":{"line":7,"column":0},"end":{"line":7,"column":3}},"7":{"start":{"line":8,"column":0},"end":{"line":8,"column":36}},"8":{"start":{"line":9,"column":0},"end":{"line":9,"column":33}},"9":{"start":{"line":10,"column":0},"end":{"line":10,"column":49}},"10":{"start":{"line":11,"column":0},"end":{"line":11,"column":35}},"11":{"start":{"line":12,"column":0},"end":{"line":12,"column":58}},"12":{"start":{"line":13,"column":0},"end":{"line":13,"column":62}},"13":{"start":{"line":14,"column":0},"end":{"line":14,"column":41}},"14":{"start":{"line":15,"column":0},"end":{"line":15,"column":48}},"15":{"start":{"line":16,"column":0},"end":{"line":16,"column":48}},"16":{"start":{"line":17,"column":0},"end":{"line":17,"column":49}},"17":{"start":{"line":18,"column":0},"end":{"line":18,"column":105}},"18":{"start":{"line":19,"column":0},"end":{"line":19,"column":45}},"19":{"start":{"line":20,"column":0},"end":{"line":20,"column":0}},"20":{"start":{"line":21,"column":0},"end":{"line":21,"column":3}},"21":{"start":{"line":22,"column":0},"end":{"line":22,"column":49}},"22":{"start":{"line":23,"column":0},"end":{"line":23,"column":68}},"23":{"start":{"line":24,"column":0},"end":{"line":24,"column":3}},"24":{"start":{"line":25,"column":0},"end":{"line":25,"column":88}},"25":{"start":{"line":26,"column":0},"end":{"line":26,"column":17}},"26":{"start":{"line":27,"column":0},"end":{"line":27,"column":5}},"27":{"start":{"line":28,"column":0},"end":{"line":28,"column":1}},"28":{"start":{"line":29,"column":0},"end":{"line":29,"column":12}},"29":{"start":{"line":30,"column":0},"end":{"line":30,"column":10}},"30":{"start":{"line":31,"column":0},"end":{"line":31,"column":0}},"31":{"start":{"line":32,"column":0},"end":{"line":32,"column":3}},"32":{"start":{"line":33,"column":0},"end":{"line":33,"column":15}},"33":{"start":{"line":34,"column":0},"end":{"line":34,"column":3}},"34":{"start":{"line":35,"column":0},"end":{"line":35,"column":32}},"35":{"start":{"line":36,"column":0},"end":{"line":36,"column":5}},"36":{"start":{"line":37,"column":0},"end":{"line":37,"column":35}},"37":{"start":{"line":38,"column":0},"end":{"line":38,"column":5}},"38":{"start":{"line":39,"column":0},"end":{"line":39,"column":24}},"39":{"start":{"line":40,"column":0},"end":{"line":40,"column":5}},"40":{"start":{"line":41,"column":0},"end":{"line":41,"column":44}},"41":{"start":{"line":42,"column":0},"end":{"line":42,"column":101}},"42":{"start":{"line":43,"column":0},"end":{"line":43,"column":5}},"43":{"start":{"line":44,"column":0},"end":{"line":44,"column":23}},"44":{"start":{"line":45,"column":0},"end":{"line":45,"column":5}},"45":{"start":{"line":46,"column":0},"end":{"line":46,"column":44}},"46":{"start":{"line":47,"column":0},"end":{"line":47,"column":36}},"47":{"start":{"line":48,"column":0},"end":{"line":48,"column":5}},"48":{"start":{"line":49,"column":0},"end":{"line":49,"column":16}},"49":{"start":{"line":50,"column":0},"end":{"line":50,"column":23}},"50":{"start":{"line":51,"column":0},"end":{"line":51,"column":1}},"51":{"start":{"line":52,"column":0},"end":{"line":52,"column":0}},"52":{"start":{"line":53,"column":0},"end":{"line":53,"column":3}},"53":{"start":{"line":54,"column":0},"end":{"line":54,"column":44}},"54":{"start":{"line":55,"column":0},"end":{"line":55,"column":3}},"55":{"start":{"line":56,"column":0},"end":{"line":56,"column":63}},"56":{"start":{"line":57,"column":0},"end":{"line":57,"column":53}},"57":{"start":{"line":58,"column":0},"end":{"line":58,"column":73}},"58":{"start":{"line":59,"column":0},"end":{"line":59,"column":16}},"59":{"start":{"line":60,"column":0},"end":{"line":60,"column":40}},"60":{"start":{"line":61,"column":0},"end":{"line":61,"column":15}},"61":{"start":{"line":62,"column":0},"end":{"line":62,"column":41}},"62":{"start":{"line":63,"column":0},"end":{"line":63,"column":0}},"63":{"start":{"line":64,"column":0},"end":{"line":64,"column":65}},"64":{"start":{"line":65,"column":0},"end":{"line":65,"column":14}},"65":{"start":{"line":66,"column":0},"end":{"line":66,"column":44}},"66":{"start":{"line":67,"column":0},"end":{"line":67,"column":0}},"67":{"start":{"line":68,"column":0},"end":{"line":68,"column":54}},"68":{"start":{"line":69,"column":0},"end":{"line":69,"column":77}},"69":{"start":{"line":70,"column":0},"end":{"line":70,"column":0}},"70":{"start":{"line":71,"column":0},"end":{"line":71,"column":28}},"71":{"start":{"line":72,"column":0},"end":{"line":72,"column":29}},"72":{"start":{"line":73,"column":0},"end":{"line":73,"column":74}},"73":{"start":{"line":74,"column":0},"end":{"line":74,"column":0}},"74":{"start":{"line":75,"column":0},"end":{"line":75,"column":63}},"75":{"start":{"line":76,"column":0},"end":{"line":76,"column":104}},"76":{"start":{"line":77,"column":0},"end":{"line":77,"column":92}},"77":{"start":{"line":78,"column":0},"end":{"line":78,"column":14}},"78":{"start":{"line":79,"column":0},"end":{"line":79,"column":32}},"79":{"start":{"line":80,"column":0},"end":{"line":80,"column":21}},"80":{"start":{"line":81,"column":0},"end":{"line":81,"column":82}},"81":{"start":{"line":82,"column":0},"end":{"line":82,"column":10}},"82":{"start":{"line":83,"column":0},"end":{"line":83,"column":7}},"83":{"start":{"line":84,"column":0},"end":{"line":84,"column":0}},"84":{"start":{"line":85,"column":0},"end":{"line":85,"column":63}},"85":{"start":{"line":86,"column":0},"end":{"line":86,"column":104}},"86":{"start":{"line":87,"column":0},"end":{"line":87,"column":92}},"87":{"start":{"line":88,"column":0},"end":{"line":88,"column":14}},"88":{"start":{"line":89,"column":0},"end":{"line":89,"column":21}},"89":{"start":{"line":90,"column":0},"end":{"line":90,"column":82}},"90":{"start":{"line":91,"column":0},"end":{"line":91,"column":10}},"91":{"start":{"line":92,"column":0},"end":{"line":92,"column":7}},"92":{"start":{"line":93,"column":0},"end":{"line":93,"column":40}},"93":{"start":{"line":94,"column":0},"end":{"line":94,"column":54}},"94":{"start":{"line":95,"column":0},"end":{"line":95,"column":92}},"95":{"start":{"line":96,"column":0},"end":{"line":96,"column":5}},"96":{"start":{"line":97,"column":0},"end":{"line":97,"column":0}},"97":{"start":{"line":98,"column":0},"end":{"line":98,"column":64}},"98":{"start":{"line":99,"column":0},"end":{"line":99,"column":0}},"99":{"start":{"line":100,"column":0},"end":{"line":100,"column":44}},"100":{"start":{"line":101,"column":0},"end":{"line":101,"column":21}},"101":{"start":{"line":102,"column":0},"end":{"line":102,"column":67}},"102":{"start":{"line":103,"column":0},"end":{"line":103,"column":75}},"103":{"start":{"line":104,"column":0},"end":{"line":104,"column":5}},"104":{"start":{"line":105,"column":0},"end":{"line":105,"column":29}},"105":{"start":{"line":106,"column":0},"end":{"line":106,"column":37}},"106":{"start":{"line":107,"column":0},"end":{"line":107,"column":81}},"107":{"start":{"line":108,"column":0},"end":{"line":108,"column":43}},"108":{"start":{"line":109,"column":0},"end":{"line":109,"column":42}},"109":{"start":{"line":110,"column":0},"end":{"line":110,"column":30}},"110":{"start":{"line":111,"column":0},"end":{"line":111,"column":49}},"111":{"start":{"line":112,"column":0},"end":{"line":112,"column":26}},"112":{"start":{"line":113,"column":0},"end":{"line":113,"column":78}},"113":{"start":{"line":114,"column":0},"end":{"line":114,"column":12}},"114":{"start":{"line":115,"column":0},"end":{"line":115,"column":16}},"115":{"start":{"line":116,"column":0},"end":{"line":116,"column":56}},"116":{"start":{"line":117,"column":0},"end":{"line":117,"column":62}},"117":{"start":{"line":118,"column":0},"end":{"line":118,"column":51}},"118":{"start":{"line":119,"column":0},"end":{"line":119,"column":9}},"119":{"start":{"line":120,"column":0},"end":{"line":120,"column":7}},"120":{"start":{"line":121,"column":0},"end":{"line":121,"column":5}},"121":{"start":{"line":122,"column":0},"end":{"line":122,"column":43}},"122":{"start":{"line":123,"column":0},"end":{"line":123,"column":43}},"123":{"start":{"line":124,"column":0},"end":{"line":124,"column":3}},"124":{"start":{"line":125,"column":0},"end":{"line":125,"column":0}},"125":{"start":{"line":126,"column":0},"end":{"line":126,"column":5}},"126":{"start":{"line":127,"column":0},"end":{"line":127,"column":33}},"127":{"start":{"line":128,"column":0},"end":{"line":128,"column":4}},"128":{"start":{"line":129,"column":0},"end":{"line":129,"column":21}},"129":{"start":{"line":130,"column":0},"end":{"line":130,"column":36}},"130":{"start":{"line":131,"column":0},"end":{"line":131,"column":33}},"131":{"start":{"line":132,"column":0},"end":{"line":132,"column":5}},"132":{"start":{"line":133,"column":0},"end":{"line":133,"column":55}},"133":{"start":{"line":134,"column":0},"end":{"line":134,"column":37}},"134":{"start":{"line":135,"column":0},"end":{"line":135,"column":42}},"135":{"start":{"line":136,"column":0},"end":{"line":136,"column":3}},"136":{"start":{"line":137,"column":0},"end":{"line":137,"column":0}},"137":{"start":{"line":138,"column":0},"end":{"line":138,"column":19}},"138":{"start":{"line":139,"column":0},"end":{"line":139,"column":13}},"139":{"start":{"line":140,"column":0},"end":{"line":140,"column":16}},"140":{"start":{"line":141,"column":0},"end":{"line":141,"column":10}},"141":{"start":{"line":142,"column":0},"end":{"line":142,"column":0}},"142":{"start":{"line":143,"column":0},"end":{"line":143,"column":5}},"143":{"start":{"line":144,"column":0},"end":{"line":144,"column":31}},"144":{"start":{"line":145,"column":0},"end":{"line":145,"column":26}},"145":{"start":{"line":146,"column":0},"end":{"line":146,"column":44}},"146":{"start":{"line":147,"column":0},"end":{"line":147,"column":5}},"147":{"start":{"line":148,"column":0},"end":{"line":148,"column":65}},"148":{"start":{"line":149,"column":0},"end":{"line":149,"column":71}},"149":{"start":{"line":150,"column":0},"end":{"line":150,"column":30}},"150":{"start":{"line":151,"column":0},"end":{"line":151,"column":3}},"151":{"start":{"line":152,"column":0},"end":{"line":152,"column":0}},"152":{"start":{"line":153,"column":0},"end":{"line":153,"column":5}},"153":{"start":{"line":154,"column":0},"end":{"line":154,"column":17}},"154":{"start":{"line":155,"column":0},"end":{"line":155,"column":30}},"155":{"start":{"line":156,"column":0},"end":{"line":156,"column":49}},"156":{"start":{"line":157,"column":0},"end":{"line":157,"column":5}},"157":{"start":{"line":158,"column":0},"end":{"line":158,"column":51}},"158":{"start":{"line":159,"column":0},"end":{"line":159,"column":48}},"159":{"start":{"line":160,"column":0},"end":{"line":160,"column":3}},"160":{"start":{"line":161,"column":0},"end":{"line":161,"column":0}},"161":{"start":{"line":162,"column":0},"end":{"line":162,"column":5}},"162":{"start":{"line":163,"column":0},"end":{"line":163,"column":21}},"163":{"start":{"line":164,"column":0},"end":{"line":164,"column":67}},"164":{"start":{"line":165,"column":0},"end":{"line":165,"column":5}},"165":{"start":{"line":166,"column":0},"end":{"line":166,"column":44}},"166":{"start":{"line":167,"column":0},"end":{"line":167,"column":17}},"167":{"start":{"line":168,"column":0},"end":{"line":168,"column":32}},"168":{"start":{"line":169,"column":0},"end":{"line":169,"column":6}},"169":{"start":{"line":170,"column":0},"end":{"line":170,"column":46}},"170":{"start":{"line":171,"column":0},"end":{"line":171,"column":19}},"171":{"start":{"line":172,"column":0},"end":{"line":172,"column":42}},"172":{"start":{"line":173,"column":0},"end":{"line":173,"column":8}},"173":{"start":{"line":174,"column":0},"end":{"line":174,"column":3}},"174":{"start":{"line":175,"column":0},"end":{"line":175,"column":0}},"175":{"start":{"line":176,"column":0},"end":{"line":176,"column":5}},"176":{"start":{"line":177,"column":0},"end":{"line":177,"column":21}},"177":{"start":{"line":178,"column":0},"end":{"line":178,"column":68}},"178":{"start":{"line":179,"column":0},"end":{"line":179,"column":5}},"179":{"start":{"line":180,"column":0},"end":{"line":180,"column":43}},"180":{"start":{"line":181,"column":0},"end":{"line":181,"column":17}},"181":{"start":{"line":182,"column":0},"end":{"line":182,"column":32}},"182":{"start":{"line":183,"column":0},"end":{"line":183,"column":6}},"183":{"start":{"line":184,"column":0},"end":{"line":184,"column":60}},"184":{"start":{"line":185,"column":0},"end":{"line":185,"column":78}},"185":{"start":{"line":186,"column":0},"end":{"line":186,"column":45}},"186":{"start":{"line":187,"column":0},"end":{"line":187,"column":21}},"187":{"start":{"line":188,"column":0},"end":{"line":188,"column":44}},"188":{"start":{"line":189,"column":0},"end":{"line":189,"column":8}},"189":{"start":{"line":190,"column":0},"end":{"line":190,"column":3}},"190":{"start":{"line":191,"column":0},"end":{"line":191,"column":0}},"191":{"start":{"line":192,"column":0},"end":{"line":192,"column":5}},"192":{"start":{"line":193,"column":0},"end":{"line":193,"column":18}},"193":{"start":{"line":194,"column":0},"end":{"line":194,"column":29}},"194":{"start":{"line":195,"column":0},"end":{"line":195,"column":21}},"195":{"start":{"line":196,"column":0},"end":{"line":196,"column":49}},"196":{"start":{"line":197,"column":0},"end":{"line":197,"column":5}},"197":{"start":{"line":198,"column":0},"end":{"line":198,"column":63}},"198":{"start":{"line":199,"column":0},"end":{"line":199,"column":46}},"199":{"start":{"line":200,"column":0},"end":{"line":200,"column":3}},"200":{"start":{"line":201,"column":0},"end":{"line":201,"column":0}},"201":{"start":{"line":202,"column":0},"end":{"line":202,"column":5}},"202":{"start":{"line":203,"column":0},"end":{"line":203,"column":26}},"203":{"start":{"line":204,"column":0},"end":{"line":204,"column":34}},"204":{"start":{"line":205,"column":0},"end":{"line":205,"column":5}},"205":{"start":{"line":206,"column":0},"end":{"line":206,"column":39}},"206":{"start":{"line":207,"column":0},"end":{"line":207,"column":60}},"207":{"start":{"line":208,"column":0},"end":{"line":208,"column":63}},"208":{"start":{"line":209,"column":0},"end":{"line":209,"column":3}},"209":{"start":{"line":210,"column":0},"end":{"line":210,"column":1}},"210":{"start":{"line":211,"column":0},"end":{"line":211,"column":0}},"211":{"start":{"line":212,"column":0},"end":{"line":212,"column":3}},"212":{"start":{"line":213,"column":0},"end":{"line":213,"column":21}},"213":{"start":{"line":214,"column":0},"end":{"line":214,"column":2}},"214":{"start":{"line":215,"column":0},"end":{"line":215,"column":46}},"215":{"start":{"line":216,"column":0},"end":{"line":216,"column":45}},"216":{"start":{"line":217,"column":0},"end":{"line":217,"column":29}},"217":{"start":{"line":218,"column":0},"end":{"line":218,"column":39}},"218":{"start":{"line":219,"column":0},"end":{"line":219,"column":3}},"219":{"start":{"line":220,"column":0},"end":{"line":220,"column":71}},"220":{"start":{"line":221,"column":0},"end":{"line":221,"column":22}},"221":{"start":{"line":222,"column":0},"end":{"line":222,"column":24}},"222":{"start":{"line":223,"column":0},"end":{"line":223,"column":20}},"223":{"start":{"line":224,"column":0},"end":{"line":224,"column":54}},"224":{"start":{"line":225,"column":0},"end":{"line":225,"column":32}},"225":{"start":{"line":226,"column":0},"end":{"line":226,"column":41}},"226":{"start":{"line":227,"column":0},"end":{"line":227,"column":1}}},"s":{"0":1,"1":1,"2":1,"3":1,"4":1,"5":1,"6":1,"7":1,"8":1,"9":1,"10":1,"11":1,"12":1,"13":1,"14":1,"15":1,"16":1,"17":1,"18":1,"19":1,"20":1,"21":1,"22":1,"23":1,"24":1,"25":1,"26":1,"27":1,"28":1,"29":1,"30":1,"31":1,"32":1,"33":1,"34":1,"35":1,"36":1,"37":1,"38":1,"39":1,"40":1,"41":1,"42":1,"43":1,"44":1,"45":1,"46":1,"47":1,"48":1,"49":1,"50":1,"51":1,"52":1,"53":1,"54":1,"55":1,"56":1,"57":1,"58":1,"59":1,"60":1,"61":1,"62":1,"63":1,"64":21,"65":21,"66":21,"67":21,"68":21,"69":21,"70":21,"71":21,"72":8,"73":8,"74":8,"75":7,"76":7,"77":8,"78":1,"79":1,"80":1,"81":1,"82":1,"83":8,"84":8,"85":7,"86":7,"87":8,"88":1,"89":1,"90":1,"91":1,"92":8,"93":8,"94":8,"95":8,"96":21,"97":21,"98":21,"99":21,"100":21,"101":21,"102":2,"103":2,"104":19,"105":19,"106":19,"107":21,"108":37,"109":1,"110":1,"111":1,"112":1,"113":1,"114":1,"115":0,"116":0,"117":0,"118":0,"119":1,"120":37,"121":18,"122":18,"123":18,"124":1,"125":1,"126":1,"127":1,"128":1,"129":1,"130":1,"131":1,"132":1,"133":23,"134":23,"135":23,"136":1,"137":1,"138":1,"139":1,"140":1,"141":1,"142":1,"143":1,"144":1,"145":1,"146":1,"147":1,"148":40,"149":40,"150":40,"151":1,"152":1,"153":1,"154":1,"155":1,"156":1,"157":1,"158":51,"159":51,"160":1,"161":1,"162":1,"163":1,"164":1,"165":1,"166":1,"167":1,"168":1,"169":1,"170":2,"171":2,"172":1,"173":1,"174":1,"175":1,"176":1,"177":1,"178":1,"179":1,"180":1,"181":1,"182":1,"183":1,"184":1,"185":1,"186":3,"187":3,"188":1,"189":1,"190":1,"191":1,"192":1,"193":1,"194":1,"195":1,"196":1,"197":1,"198":5,"199":5,"200":1,"201":1,"202":1,"203":1,"204":1,"205":1,"206":4,"207":4,"208":4,"209":1,"210":1,"211":1,"212":1,"213":1,"214":1,"215":1,"216":1,"217":1,"218":1,"219":21,"220":21,"221":21,"222":21,"223":21,"224":21,"225":21,"226":21},"branchMap":{"0":{"type":"branch","line":64,"loc":{"start":{"line":64,"column":2},"end":{"line":124,"column":3}},"locations":[{"start":{"line":64,"column":2},"end":{"line":124,"column":3}}]},"1":{"type":"branch","line":72,"loc":{"start":{"line":72,"column":28},"end":{"line":96,"column":5}},"locations":[{"start":{"line":72,"column":28},"end":{"line":96,"column":5}}]},"2":{"type":"branch","line":75,"loc":{"start":{"line":75,"column":62},"end":{"line":78,"column":7}},"locations":[{"start":{"line":75,"column":62},"end":{"line":78,"column":7}}]},"3":{"type":"branch","line":78,"loc":{"start":{"line":78,"column":7},"end":{"line":83,"column":7}},"locations":[{"start":{"line":78,"column":7},"end":{"line":83,"column":7}}]},"4":{"type":"branch","line":85,"loc":{"start":{"line":85,"column":62},"end":{"line":88,"column":7}},"locations":[{"start":{"line":85,"column":62},"end":{"line":88,"column":7}}]},"5":{"type":"branch","line":88,"loc":{"start":{"line":88,"column":7},"end":{"line":92,"column":7}},"locations":[{"start":{"line":88,"column":7},"end":{"line":92,"column":7}}]},"6":{"type":"branch","line":102,"loc":{"start":{"line":102,"column":28},"end":{"line":102,"column":64}},"locations":[{"start":{"line":102,"column":28},"end":{"line":102,"column":64}}]},"7":{"type":"branch","line":102,"loc":{"start":{"line":102,"column":66},"end":{"line":104,"column":5}},"locations":[{"start":{"line":102,"column":66},"end":{"line":104,"column":5}}]},"8":{"type":"branch","line":105,"loc":{"start":{"line":105,"column":-1},"end":{"line":108,"column":42}},"locations":[{"start":{"line":105,"column":-1},"end":{"line":108,"column":42}}]},"9":{"type":"branch","line":108,"loc":{"start":{"line":108,"column":42},"end":{"line":121,"column":5}},"locations":[{"start":{"line":108,"column":42},"end":{"line":121,"column":5}}]},"10":{"type":"branch","line":109,"loc":{"start":{"line":109,"column":41},"end":{"line":120,"column":7}},"locations":[{"start":{"line":109,"column":41},"end":{"line":120,"column":7}}]},"11":{"type":"branch","line":115,"loc":{"start":{"line":115,"column":9},"end":{"line":119,"column":9}},"locations":[{"start":{"line":115,"column":9},"end":{"line":119,"column":9}}]},"12":{"type":"branch","line":122,"loc":{"start":{"line":122,"column":-1},"end":{"line":124,"column":3}},"locations":[{"start":{"line":122,"column":-1},"end":{"line":124,"column":3}}]},"13":{"type":"branch","line":77,"loc":{"start":{"line":77,"column":63},"end":{"line":77,"column":79}},"locations":[{"start":{"line":77,"column":63},"end":{"line":77,"column":79}}]},"14":{"type":"branch","line":87,"loc":{"start":{"line":87,"column":63},"end":{"line":87,"column":79}},"locations":[{"start":{"line":87,"column":63},"end":{"line":87,"column":79}}]},"15":{"type":"branch","line":133,"loc":{"start":{"line":133,"column":9},"end":{"line":136,"column":3}},"locations":[{"start":{"line":133,"column":9},"end":{"line":136,"column":3}}]},"16":{"type":"branch","line":148,"loc":{"start":{"line":148,"column":9},"end":{"line":151,"column":3}},"locations":[{"start":{"line":148,"column":9},"end":{"line":151,"column":3}}]},"17":{"type":"branch","line":158,"loc":{"start":{"line":158,"column":9},"end":{"line":160,"column":3}},"locations":[{"start":{"line":158,"column":9},"end":{"line":160,"column":3}}]},"18":{"type":"branch","line":166,"loc":{"start":{"line":166,"column":9},"end":{"line":174,"column":3}},"locations":[{"start":{"line":166,"column":9},"end":{"line":174,"column":3}}]},"19":{"type":"branch","line":170,"loc":{"start":{"line":170,"column":32},"end":{"line":173,"column":6}},"locations":[{"start":{"line":170,"column":32},"end":{"line":173,"column":6}}]},"20":{"type":"branch","line":180,"loc":{"start":{"line":180,"column":9},"end":{"line":190,"column":3}},"locations":[{"start":{"line":180,"column":9},"end":{"line":190,"column":3}}]},"21":{"type":"branch","line":185,"loc":{"start":{"line":185,"column":44},"end":{"line":185,"column":76}},"locations":[{"start":{"line":185,"column":44},"end":{"line":185,"column":76}}]},"22":{"type":"branch","line":186,"loc":{"start":{"line":186,"column":29},"end":{"line":189,"column":6}},"locations":[{"start":{"line":186,"column":29},"end":{"line":189,"column":6}}]},"23":{"type":"branch","line":198,"loc":{"start":{"line":198,"column":9},"end":{"line":200,"column":3}},"locations":[{"start":{"line":198,"column":9},"end":{"line":200,"column":3}}]},"24":{"type":"branch","line":206,"loc":{"start":{"line":206,"column":9},"end":{"line":209,"column":3}},"locations":[{"start":{"line":206,"column":9},"end":{"line":209,"column":3}}]},"25":{"type":"branch","line":208,"loc":{"start":{"line":208,"column":29},"end":{"line":208,"column":61}},"locations":[{"start":{"line":208,"column":29},"end":{"line":208,"column":61}}]},"26":{"type":"branch","line":220,"loc":{"start":{"line":220,"column":0},"end":{"line":227,"column":1}},"locations":[{"start":{"line":220,"column":0},"end":{"line":227,"column":1}}]}},"b":{"0":[21],"1":[8],"2":[7],"3":[1],"4":[7],"5":[1],"6":[20],"7":[2],"8":[19],"9":[37],"10":[1],"11":[0],"12":[18],"13":[13],"14":[14],"15":[23],"16":[40],"17":[51],"18":[1],"19":[2],"20":[1],"21":[5],"22":[3],"23":[5],"24":[4],"25":[24],"26":[21]},"fnMap":{"0":{"name":"Schema","decl":{"start":{"line":64,"column":2},"end":{"line":124,"column":3}},"loc":{"start":{"line":64,"column":2},"end":{"line":124,"column":3}},"line":64},"1":{"name":"parse","decl":{"start":{"line":133,"column":9},"end":{"line":136,"column":3}},"loc":{"start":{"line":133,"column":9},"end":{"line":136,"column":3}},"line":133},"2":{"name":"getFieldSchema","decl":{"start":{"line":148,"column":9},"end":{"line":151,"column":3}},"loc":{"start":{"line":148,"column":9},"end":{"line":151,"column":3}},"line":148},"3":{"name":"isPrimaryKey","decl":{"start":{"line":158,"column":9},"end":{"line":160,"column":3}},"loc":{"start":{"line":158,"column":9},"end":{"line":160,"column":3}},"line":158},"4":{"name":"getPrimaryKeyDefinitions","decl":{"start":{"line":166,"column":9},"end":{"line":174,"column":3}},"loc":{"start":{"line":166,"column":9},"end":{"line":174,"column":3}},"line":166},"5":{"name":"getAttributeDefinitions","decl":{"start":{"line":180,"column":9},"end":{"line":190,"column":3}},"loc":{"start":{"line":180,"column":9},"end":{"line":190,"column":3}},"line":180},"6":{"name":"safeParse","decl":{"start":{"line":198,"column":9},"end":{"line":200,"column":3}},"loc":{"start":{"line":198,"column":9},"end":{"line":200,"column":3}},"line":198},"7":{"name":"getAttributeKeys","decl":{"start":{"line":206,"column":9},"end":{"line":209,"column":3}},"loc":{"start":{"line":206,"column":9},"end":{"line":209,"column":3}},"line":206},"8":{"name":"createSchema","decl":{"start":{"line":220,"column":0},"end":{"line":227,"column":1}},"loc":{"start":{"line":220,"column":0},"end":{"line":227,"column":1}},"line":220}},"f":{"0":21,"1":23,"2":40,"3":51,"4":1,"5":1,"6":5,"7":4,"8":21}}
,"/Users/will/code/pkg/tablestore-odm/src/type-converter.ts": {"path":"/Users/will/code/pkg/tablestore-odm/src/type-converter.ts","all":false,"statementMap":{"0":{"start":{"line":1,"column":0},"end":{"line":1,"column":24}},"1":{"start":{"line":2,"column":0},"end":{"line":2,"column":41}},"2":{"start":{"line":3,"column":0},"end":{"line":3,"column":0}},"3":{"start":{"line":4,"column":0},"end":{"line":4,"column":61}},"4":{"start":{"line":5,"column":0},"end":{"line":5,"column":27}},"5":{"start":{"line":6,"column":0},"end":{"line":6,"column":25}},"6":{"start":{"line":7,"column":0},"end":{"line":7,"column":86}},"7":{"start":{"line":8,"column":0},"end":{"line":8,"column":25}},"8":{"start":{"line":9,"column":0},"end":{"line":9,"column":2}},"9":{"start":{"line":10,"column":0},"end":{"line":10,"column":0}},"10":{"start":{"line":11,"column":0},"end":{"line":11,"column":3}},"11":{"start":{"line":12,"column":0},"end":{"line":12,"column":98}},"12":{"start":{"line":13,"column":0},"end":{"line":13,"column":2}},"13":{"start":{"line":14,"column":0},"end":{"line":14,"column":50}},"14":{"start":{"line":15,"column":0},"end":{"line":15,"column":81}},"15":{"start":{"line":16,"column":0},"end":{"line":16,"column":51}},"16":{"start":{"line":17,"column":0},"end":{"line":17,"column":55}},"17":{"start":{"line":18,"column":0},"end":{"line":18,"column":3}},"18":{"start":{"line":19,"column":0},"end":{"line":19,"column":94}},"19":{"start":{"line":20,"column":0},"end":{"line":20,"column":61}},"20":{"start":{"line":21,"column":0},"end":{"line":21,"column":41}},"21":{"start":{"line":22,"column":0},"end":{"line":22,"column":46}},"22":{"start":{"line":23,"column":0},"end":{"line":23,"column":52}},"23":{"start":{"line":24,"column":0},"end":{"line":24,"column":37}},"24":{"start":{"line":25,"column":0},"end":{"line":25,"column":33}},"25":{"start":{"line":26,"column":0},"end":{"line":26,"column":25}},"26":{"start":{"line":27,"column":0},"end":{"line":27,"column":79}},"27":{"start":{"line":28,"column":0},"end":{"line":28,"column":36}},"28":{"start":{"line":29,"column":0},"end":{"line":29,"column":14}},"29":{"start":{"line":30,"column":0},"end":{"line":30,"column":7}},"30":{"start":{"line":31,"column":0},"end":{"line":31,"column":40}},"31":{"start":{"line":32,"column":0},"end":{"line":32,"column":79}},"32":{"start":{"line":33,"column":0},"end":{"line":33,"column":39}},"33":{"start":{"line":34,"column":0},"end":{"line":34,"column":42}},"34":{"start":{"line":35,"column":0},"end":{"line":35,"column":14}},"35":{"start":{"line":36,"column":0},"end":{"line":36,"column":56}},"36":{"start":{"line":37,"column":0},"end":{"line":37,"column":7}},"37":{"start":{"line":38,"column":0},"end":{"line":38,"column":5}},"38":{"start":{"line":39,"column":0},"end":{"line":39,"column":0}},"39":{"start":{"line":40,"column":0},"end":{"line":40,"column":32}},"40":{"start":{"line":41,"column":0},"end":{"line":41,"column":87}},"41":{"start":{"line":42,"column":0},"end":{"line":42,"column":85}},"42":{"start":{"line":43,"column":0},"end":{"line":43,"column":5}},"43":{"start":{"line":44,"column":0},"end":{"line":44,"column":89}},"44":{"start":{"line":45,"column":0},"end":{"line":45,"column":16}},"45":{"start":{"line":46,"column":0},"end":{"line":46,"column":3}},"46":{"start":{"line":47,"column":0},"end":{"line":47,"column":0}},"47":{"start":{"line":48,"column":0},"end":{"line":48,"column":52}},"48":{"start":{"line":49,"column":0},"end":{"line":49,"column":28}},"49":{"start":{"line":50,"column":0},"end":{"line":50,"column":9}},"50":{"start":{"line":51,"column":0},"end":{"line":51,"column":36}},"51":{"start":{"line":52,"column":0},"end":{"line":52,"column":36}},"52":{"start":{"line":53,"column":0},"end":{"line":53,"column":36}},"53":{"start":{"line":54,"column":0},"end":{"line":54,"column":29}},"54":{"start":{"line":55,"column":0},"end":{"line":55,"column":5}},"55":{"start":{"line":56,"column":0},"end":{"line":56,"column":35}},"56":{"start":{"line":57,"column":0},"end":{"line":57,"column":72}},"57":{"start":{"line":58,"column":0},"end":{"line":58,"column":34}},"58":{"start":{"line":59,"column":0},"end":{"line":59,"column":34}},"59":{"start":{"line":60,"column":0},"end":{"line":60,"column":12}},"60":{"start":{"line":61,"column":0},"end":{"line":61,"column":12}},"61":{"start":{"line":62,"column":0},"end":{"line":62,"column":5}},"62":{"start":{"line":63,"column":0},"end":{"line":63,"column":3}},"63":{"start":{"line":64,"column":0},"end":{"line":64,"column":0}},"64":{"start":{"line":65,"column":0},"end":{"line":65,"column":72}},"65":{"start":{"line":66,"column":0},"end":{"line":66,"column":24}},"66":{"start":{"line":67,"column":0},"end":{"line":67,"column":46}},"67":{"start":{"line":68,"column":0},"end":{"line":68,"column":3}},"68":{"start":{"line":69,"column":0},"end":{"line":69,"column":0}},"69":{"start":{"line":70,"column":0},"end":{"line":70,"column":26}},"70":{"start":{"line":71,"column":0},"end":{"line":71,"column":18}},"71":{"start":{"line":72,"column":0},"end":{"line":72,"column":89}},"72":{"start":{"line":73,"column":0},"end":{"line":73,"column":19}},"73":{"start":{"line":74,"column":0},"end":{"line":74,"column":18}},"74":{"start":{"line":75,"column":0},"end":{"line":75,"column":89}},"75":{"start":{"line":76,"column":0},"end":{"line":76,"column":90}},"76":{"start":{"line":77,"column":0},"end":{"line":77,"column":71}},"77":{"start":{"line":78,"column":0},"end":{"line":78,"column":23}},"78":{"start":{"line":79,"column":0},"end":{"line":79,"column":99}},"79":{"start":{"line":80,"column":0},"end":{"line":80,"column":63}},"80":{"start":{
[...]
start":{"line":154,"column":0},"end":{"line":154,"column":36}},"154":{"start":{"line":155,"column":0},"end":{"line":155,"column":34}},"155":{"start":{"line":156,"column":0},"end":{"line":156,"column":34}},"156":{"start":{"line":157,"column":0},"end":{"line":157,"column":12}},"157":{"start":{"line":158,"column":0},"end":{"line":158,"column":12}},"158":{"start":{"line":159,"column":0},"end":{"line":159,"column":5}},"159":{"start":{"line":160,"column":0},"end":{"line":160,"column":3}},"160":{"start":{"line":161,"column":0},"end":{"line":161,"column":0}},"161":{"start":{"line":162,"column":0},"end":{"line":162,"column":24}},"162":{"start":{"line":163,"column":0},"end":{"line":163,"column":68}},"163":{"start":{"line":164,"column":0},"end":{"line":164,"column":17}},"164":{"start":{"line":165,"column":0},"end":{"line":165,"column":3}},"165":{"start":{"line":166,"column":0},"end":{"line":166,"column":0}},"166":{"start":{"line":167,"column":0},"end":{"line":167,"column":26}},"167":{"start":{"line":168,"column":0},"end":{"line":168,"column":18}},"168":{"start":{"line":169,"column":0},"end":{"line":169,"column":83}},"169":{"start":{"line":170,"column":0},"end":{"line":170,"column":101}},"170":{"start":{"line":171,"column":0},"end":{"line":171,"column":68}},"171":{"start":{"line":172,"column":0},"end":{"line":172,"column":36}},"172":{"start":{"line":173,"column":0},"end":{"line":173,"column":21}},"173":{"start":{"line":174,"column":0},"end":{"line":174,"column":75}},"174":{"start":{"line":175,"column":0},"end":{"line":175,"column":10}},"175":{"start":{"line":176,"column":0},"end":{"line":176,"column":19}},"176":{"start":{"line":177,"column":0},"end":{"line":177,"column":0}},"177":{"start":{"line":178,"column":0},"end":{"line":178,"column":18}},"178":{"start":{"line":179,"column":0},"end":{"line":179,"column":79}},"179":{"start":{"line":180,"column":0},"end":{"line":180,"column":41}},"180":{"start":{"line":181,"column":0},"end":{"line":181,"column":56}},"181":{"start":{"line":182,"column":0},"end":{"line":182,"column":45}},"182":{"start":{"line":183,"column":0},"end":{"line":183,"column":39}},"183":{"start":{"line":184,"column":0},"end":{"line":184,"column":14}},"184":{"start":{"line":185,"column":0},"end":{"line":185,"column":21}},"185":{"start":{"line":186,"column":0},"end":{"line":186,"column":75}},"186":{"start":{"line":187,"column":0},"end":{"line":187,"column":10}},"187":{"start":{"line":188,"column":0},"end":{"line":188,"column":21}},"188":{"start":{"line":189,"column":0},"end":{"line":189,"column":7}},"189":{"start":{"line":190,"column":0},"end":{"line":190,"column":19}},"190":{"start":{"line":191,"column":0},"end":{"line":191,"column":37}},"191":{"start":{"line":192,"column":0},"end":{"line":192,"column":81}},"192":{"start":{"line":193,"column":0},"end":{"line":193,"column":19}},"193":{"start":{"line":194,"column":0},"end":{"line":194,"column":16}},"194":{"start":{"line":195,"column":0},"end":{"line":195,"column":79}},"195":{"start":{"line":196,"column":0},"end":{"line":196,"column":41}},"196":{"start":{"line":197,"column":0},"end":{"line":197,"column":66}},"197":{"start":{"line":198,"column":0},"end":{"line":198,"column":14}},"198":{"start":{"line":199,"column":0},"end":{"line":199,"column":21}},"199":{"start":{"line":200,"column":0},"end":{"line":200,"column":80}},"200":{"start":{"line":201,"column":0},"end":{"line":201,"column":10}},"201":{"start":{"line":202,"column":0},"end":{"line":202,"column":69}},"202":{"start":{"line":203,"column":0},"end":{"line":203,"column":21}},"203":{"start":{"line":204,"column":0},"end":{"line":204,"column":7}},"204":{"start":{"line":205,"column":0},"end":{"line":205,"column":16}},"205":{"start":{"line":206,"column":0},"end":{"line":206,"column":36}},"206":{"start":{"line":207,"column":0},"end":{"line":207,"column":98}},"207":{"start":{"line":208,"column":0},"end":{"line":208,"column":21}},"208":{"start":{"line":209,"column":0},"end":{"line":209,"column":14}},"209":{"start":{"line":210,"column":0},"end":{"line":210,"column":21}},"210":{"start":{"line":211,"column":0},"end":{"line":211,"column":82}},"211":{"start":{"line":212,"column":0},"end":{"line":212,"column":10}},"212":{"start":{"line":213,"column":0},"end":{"line":213,"column":21}},"213":{"start":{"line":214,"column":0},"end":{"line":214,"column":7}},"214":{"start":{"line":215,"column":0},"end":{"line":215,"column":18}},"215":{"start":{"line":216,"column":0},"end":{"line":216,"column":79}},"216":{"start":{"line":217,"column":0},"end":{"line":217,"column":52}},"217":{"start":{"line":218,"column":0},"end":{"line":218,"column":76}},"218":{"start":{"line":219,"column":0},"end":{"line":219,"column":53}},"219":{"start":{"line":220,"column":0},"end":{"line":220,"column":36}},"220":{"start":{"line":221,"column":0},"end":{"line":221,"column":16}},"221":{"start":{"line":222,"column":0},"end":{"line":222,"column":52}},"222":{"start":{"line":223,"column":0},"end":{"line":223,"column":15}},"223":{"start":{"line":224,"column":0},"end":{"line":224,"column":46}},"224":{"start":{"line":225,"column":0},"end":{"line":225,"column":23}},"225":{"start":{"line":226,"column":0},"end":{"line":226,"column":28}},"226":{"start":{"line":227,"column":0},"end":{"line":227,"column":80}},"227":{"start":{"line":228,"column":0},"end":{"line":228,"column":14}},"228":{"start":{"line":229,"column":0},"end":{"line":229,"column":11}},"229":{"start":{"line":230,"column":0},"end":{"line":230,"column":9}},"230":{"start":{"line":231,"column":0},"end":{"line":231,"column":45}},"231":{"start":{"line":232,"column":0},"end":{"line":232,"column":30}},"232":{"start":{"line":233,"column":0},"end":{"line":233,"column":13}},"233":{"start":{"line":234,"column":0},"end":{"line":234,"column":31}},"234":{"start":{"line":235,"column":0},"end":{"line":235,"column":21}},"235":{"start":{"line":236,"column":0},"end":{"line":236,"column":64}},"236":{"start":{"line":237,"column":0},"end":{"line":237,"column":9}},"237":{"start":{"line":238,"column":0},"end":{"line":238,"column":14}},"238":{"start":{"line":239,"column":0},"end":{"line":239,"column":21}},"239":{"start":{"line":240,"column":0},"end":{"line":240,"column":91}},"240":{"start":{"line":241,"column":0},"end":{"line":241,"column":10}},"241":{"start":{"line":242,"column":0},"end":{"line":242,"column":21}},"242":{"start":{"line":243,"column":0},"end":{"line":243,"column":7}},"243":{"start":{"line":244,"column":0},"end":{"line":244,"column":17}},"244":{"start":{"line":245,"column":0},"end":{"line":245,"column":17}},"245":{"start":{"line":246,"column":0},"end":{"line":246,"column":18}},"246":{"start":{"line":247,"column":0},"end":{"line":247,"column":18}},"247":{"start":{"line":248,"column":0},"end":{"line":248,"column":38}},"248":{"start":{"line":249,"column":0},"end":{"line":249,"column":13}},"249":{"start":{"line":250,"column":0},"end":{"line":250,"column":41}},"250":{"start":{"line":251,"column":0},"end":{"line":251,"column":35}},"251":{"start":{"line":252,"column":0},"end":{"line":252,"column":21}},"252":{"start":{"line":253,"column":0},"end":{"line":253,"column":80}},"253":{"start":{"line":254,"column":0},"end":{"line":254,"column":24}},"254":{"start":{"line":255,"column":0},"end":{"line":255,"column":81}},"255":{"start":{"line":256,"column":0},"end":{"line":256,"column":12}},"256":{"start":{"line":257,"column":0},"end":{"line":257,"column":61}},"257":{"start":{"line":258,"column":0},"end":{"line":258,"column":9}},"258":{"start":{"line":259,"column":0},"end":{"line":259,"column":14}},"259":{"start":{"line":260,"column":0},"end":{"line":260,"column":21}},"260":{"start":{"line":261,"column":0},"end":{"line":261,"column":25}},"261":{"start":{"line":262,"column":0},"end":{"line":262,"column":25}},"262":{"start":{"line":263,"column":0},"end":{"line":263,"column":71}},"263":{"start":{"line":264,"column":0},"end":{"line":264,"column":10}},"264":{"start":{"line":265,"column":0},"end":{"line":265,"column":21}},"265":{"start":{"line":266,"column":0},"end":{"line":266,"column":7}},"266":{"start":{"line":267,"column":0},"end":{"line":267,"column":12}},"267":{"start":{"line":268,"column":0},"end":{"line":268,"column":19}},"268":{"start":{"line":269,"column":0},"end":{"line":269,"column":72}},"269":{"start":{"line":270,"column":0},"end":{"line":270,"column":8}},"270":{"start":{"line":271,"column":0},"end":{"line":271,"column":19}},"271":{"start":{"line":272,"column":0},"end":{"line":272,"column":3}},"272":{"start":{"line":273,"column":0},"end":{"line":273,"column":1}}},"s":{"0":1,"1":1,"2":1,"3":1,"4":1,"5":1,"6":1,"7":1,"8":1,"9":1,"10":1,"11":1,"12":1,"13":1,"14":1,"15":1,"16":1,"17":1,"18":18,"19":18,"20":18,"21":18,"22":0,"23":0,"24":0,"25":0,"26":0,"27":0,"28":0,"29":0,"30":0,"31":0,"32":0,"33":0,"34":0,"35":0,"36":0,"37":0,"38":0,"39":0,"40":0,"41":0,"42":0,"43":0,"44":0,"45":0,"46":18,"47":18,"48":18,"49":18,"50":18,"51":18,"52":18,"53":18,"54":18,"55":9,"56":0,"57":9,"58":9,"59":9,"60":0,"61":0,"62":9,"63":18,"64":18,"65":18,"66":0,"67":0,"68":18,"69":18,"70":18,"71":6,"72":6,"73":18,"74":3,"75":3,"76":3,"77":3,"78":3,"79":3,"80":3,"81":3,"82":3,"83":0,"84":0,"85":18,"86":3,"87":3,"88":18,"89":6,"90":6,"91":18,"92":0,"93":0,"94":0,"95":0,"96":0,"97":0,"98":0,"99":0,"100":0,"101":0,"102":0,"103":0,"104":18,"105":0,"106":0,"107":0,"108":0,"109":0,"110":0,"111":0,"112":18,"113":18,"114":18,"115":18,"116":0,"117":0,"118":0,"119":0,"120":0,"121":0,"122":18,"123":0,"124":0,"125":18,"126":0,"127":1,"128":1,"129":1,"130":1,"131":1,"132":1,"133":1,"134":1,"135":1,"136":14,"137":14,"138":14,"139":14,"140":14,"141":0,"142":0,"143":14,"144":14,"145":14,"146":14,"147":14,"148":14,"149":14,"150":14,"151":14,"152":8,"153":0,"154":8,"155":8,"156":8,"157":0,"158":0,"159":8,"160":14,"161":14,"162":0,"163":0,"164":0,"165":14,"166":14,"167":14,"168":6,"169":6,"170":6,"171":6,"172":6,"173":0,"174":0,"175":6,"176":14,"177":14,"178":2,"179":2,"180":2,"181":2,"182":0,"183":0,"184":0,"185":0,"186":0,"187":0,"188":0,"189":14,"190":2,"191":2,"192":2,"193":14,"194":4,"195":4,"196":4,"197":4,"198":0,"199":0,"200":0,"201":0,"202":0,"203":0,"204":14,"205":0,"206":0,"207":0,"208":0,"209":0,"210":0,"211":0,"212":0,"213":0,"214":14,"215":0,"216":0,"217":0,"218":0,"219":0,"220":0,"221":0,"222":0,"223":0,"224":0,"225":0,"226":0,"227":0,"228":0,"229":0,"230":0,"231":0,"232":0,"233":0,"234":0,"235":0,"236":0,"237":0,"238":0,"239":0,"240":0,"241":0,"242":0,"243":14,"244":14,"245":14,"246":14,"247":0,"248":0,"249":0,"250":0,"251":0,"252":0,"253":0,"254":0,"255":0,"256":0,"257":0,"258":0,"259":0,"260":0,"261":0,"262":0,"263":0,"264":0,"265":0,"266":14,"267":0,"268":0,"269":0,"270":0,"271":14,"272":14},"branchMap":{"0":{"type":"branch","line":19,"loc":{"start":{"line":19,"column":0},"end":{"line":127,"column":1}},"locations":[{"start":{"line":19,"column":0},"end":{"line":127,"column":1}}]},"1":{"type":"branch","line":22,"loc":{"start":{"line":22,"column":45},"end":{"line":46,"column":3}},"locations":[{"start":{"line":22,"column":45},"end":{"line":46,"column":3}}]},"2":{"type":"branch","line":51,"loc":{"start":{"line":51,"column":12},"end":{"line":51,"column":18}},"locations":[{"start":{"line":51,"column":12},"end":{"line":51,"column":18}}]},"3":{"type":"branch","line":55,"loc":{"start":{"line":55,"column":4},"end":{"line":63,"column":3}},"locations":[{"start":{"line":55,"column":4},"end":{"line":63,"column":3}}]},"4":{"type":"branch","line":56,"loc":{"start":{"line":56,"column":34},"end":{"line":58,"column":5}},"locations":[{"start":{"line":56,"column":34},"end":{"line":58,"column":5}}]},"5":{"type":"branch","line":60,"loc":{"start":{"line":60,"column":5},"end":{"line":62,"column":5}},"locations":[{"start":{"line":60,"column":5},"end":{"line":62,"column":5}}]},"6":{"type":"branch","line":66,"loc":{"start":{"line":66,"column":23},"end":{"line":68,"column":3}},"locations":[{"start":{"line":66,"column":23},"end":{"line":68,"column":3}}]},"7":{"type":"branch","line":71,"loc":{"start":{"line":71,"column":4},"end":{"line":73,"column":19}},"locations":[{"start":{"line":71,"column":4},"end":{"line":73,"column":19}}]},"8":{"type":"branch","line":72,"loc":{"start":{"line":72,"column":37},"end":{"line":72,"column":89}},"locations":[{"start":{"line":72,"column":37},"end":{"line":72,"column":89}}]},"9":{"type":"branch","line":74,"loc":{"start":{"line":74,"column":4},"end":{"line":85,"column":7}},"locations":[{"start":{"line":74,"column":4},"end":{"line":85,"column":7}}]},"10":{"type":"branch","line":75,"loc":{"start":{"line":75,"column":37},"end":{"line":75,"column":89}},"locations":[{"start":{"line":75,"column":37},"end":{"line":75,"column":89}}]},"11":{"type":"branch","line":79,"loc":{"start":{"line":79,"column":36},"end":{"line":79,"column":95}},"locations":[{"start":{"line":79,"column":36},"end":{"line":79,"column":95}}]},"12":{"type":"branch","line":83,"loc":{"start":{"line":83,"column":7},"end":{"line":85,"column":7}},"locations":[{"start":{"line":83,"column":7},"end":{"line":85,"column":7}}]},"13":{"type":"branch","line":86,"loc":{"start":{"line":86,"column":4},"end":{"line":88,"column":19}},"locations":[{"start":{"line":86,"column":4},"end":{"line":88,"column":19}}]},"14":{"type":"branch","line":87,"loc":{"start":{"line":87,"column":38},"end":{"line":87,"column":91}},"locations":[{"start":{"line":87,"column":38},"end":{"line":87,"column":91}}]},"15":{"type":"branch","line":89,"loc":{"start":{"line":89,"column":4},"end":{"line":91,"column":57}},"locations":[{"start":{"line":89,"column":4},"end":{"line":91,"column":57}}]},"16":{"type":"branch","line":90,"loc":{"start":{"line":90,"column":36},"end":{"line":90,"column":86}},"locations":[{"start":{"line":90,"column":36},"end":{"line":90,"column":86}}]},"17":{"type":"branch","line":92,"loc":{"start":{"line":92,"column":4},"end":{"line":104,"column":7}},"locations":[{"start":{"line":92,"column":4},"end":{"line":104,"column":7}}]},"18":{"type":"branch","line":105,"loc":{"start":{"line":105,"column":4},"end":{"line":112,"column":7}},"locations":[{"start":{"line":105,"column":4},"end":{"line":112,"column":7}}]},"19":{"type":"branch","line":113,"loc":{"start":{"line":113,"column":4},"end":{"line":113,"column":17}},"locations":[{"start":{"line":113,"column":4},"end":{"line":113,"column":17}}]},"20":{"type":"branch","line":114,"loc":{"start":{"line":114,"column":4},"end":{"line":114,"column":17}},"locations":[{"start":{"line":114,"column":4},"end":{"line":114,"column":17}}]},"21":{"type":"branch","line":115,"loc":{"start":{"line":115,"column":4},"end":{"line":115,"column":18}},"locations":[{"start":{"line":115,"column":4},"end":{"line":115,"column":18}}]},"22":{"type":"branch","line":116,"loc":{"start":{"line":116,"column":4},"end":{"line":122,"column":7}},"locations":[{"start":{"line":116,"column":4},"end":{"line":122,"column":7}}]},"23":{"type":"branch","line":123,"loc":{"start":{"line":123,"column":4},"end":{"line":125,"column":79}},"locations":[{"start":{"line":123,"column":4},"end":{"line":125,"column":79}}]},"24":{"type":"branch","line":127,"loc":{"start":{"line":127,"column":-1},"end":{"line":127,"column":1}},"locations":[{"start":{"line":127,"column":-1},"end":{"line":127,"column":1}}]},"25":{"type":"branch","line":137,"loc":{"start":{"line":137,"column":0},"end":{"line":273,"column":1}},"locations":[{"start":{"line":137,"column":0},"end":{"line":273,"column":1}}]},"26":{"type":"branch","line":141,"loc":{"start":{"line":141,"column":45},"end":{"line":143,"column":3}},"locations":[{"start":{"line":141,"column":45},"end":{"line":143,"column":3}}]},"27":{"type":"branch","line":148,"loc":{"start":{"line":148,"column":12},"end":{"line":148,"column":18}},"locations":[{"start":{"line":148,"column":12},"end":{"line":148,"column":18}}]},"28":{"type":"branch","line":152,"loc":{"start":{"line":152,"column":4},"end":{"line":160,"column":3}},"locations":[{"start":{"line":152,"column":4},"end":{"line":160,"column":3}}]},"29":{"type":"branch","line":153,"loc":{"start":{"line":153,"column":34},"end":{"line":155,"column":5}},"locations":[{"start":{"line":153,"column":34},"end":{"line":155,"column":5}}]},"30":{"type":"branch","line":157,"loc":{"start":{"line":157,"column":5},"end":{"line":159,"column":5}},"locations":[{"start":{"line":157,"column":5},"end":{"line":159,"column":5}}]},"31":{"type":"branch","line":162,"loc":{"start":{"line":162,"column":23},"end":{"line":165,"column":3}},"locations":[{"start":{"line":162,"column":23},"end":{"line":165,"column":3}}]},"32":{"type":"branch","line":168,"loc":{"start":{"line":168,"column":4},"end":{"line":176,"column":19}},"locations":[{"start":{"line":168,"column":4},"end":{"line":176,"column":19}}]},"33":{"type":"branch","line":173,"loc":{"start":{"line":173,"column":8},"end":{"line":175,"column":10}},"locations":[{"start":{"line":173,"column":8},"end":{"line":175,"column":10}}]},"34":{"type":"branch","line":178,"loc":{"start":{"line":178,"column":4},"end":{"line":189,"column":7}},"locations":[{"start":{"line":178,"column":4},"end":{"line":189,"column":7}}]},"35":{"type":"branch","line":182,"loc":{"start":{"line":182,"column":7},"end":{"line":189,"column":7}},"locations":[{"start":{"line":182,"column":7},"end":{"line":189,"column":7}}]},"36":{"type":"branch","line":190,"loc":{"start":{"line":190,"column":4},"end":{"line":193,"column":19}},"locations":[{"start":{"line":190,"column":4},"end":{"line":193,"column":19}}]},"37":{"type":"branch","line":192,"loc":{"start":{"line":192,"column":8},"end":{"line":192,"column":81}},"locations":[{"start":{"line":192,"column":8},"end":{"line":192,"column":81}}]},"38":{"type":"branch","line":194,"loc":{"start":{"line":194,"column":4},"end":{"line":204,"column":7}},"locations":[{"start":{"line":194,"column":4},"end":{"line":204,"column":7}}]},"39":{"type":"branch","line":198,"loc":{"start":{"line":198,"column":7},"end":{"line":204,"column":7}},"locations":[{"start":{"line":198,"column":7},"end":{"line":204,"column":7}}]},"40":{"type":"branch","line":205,"loc":{"start":{"line":205,"column":4},"end":{"line":214,"column":7}},"locations":[{"start":{"line":205,"column":4},"end":{"line":214,"column":7}}]},"41":{"type":"branch","line":215,"loc":{"start":{"line":215,"column":4},"end":{"line":243,"column":7}},"locations":[{"start":{"line":215,"column":4},"end":{"line":243,"column":7}}]},"42":{"type":"branch","line":244,"loc":{"start":{"line":244,"column":4},"end":{"line":244,"column":17}},"locations":[{"start":{"line":244,"column":4},"end":{"line":244,"column":17}}]},"43":{"type":"branch","line":245,"loc":{"start":{"line":245,"column":4},"end":{"line":245,"column":17}},"locations":[{"start":{"line":245,"column":4},"end":{"line":245,"column":17}}]},"44":{"type":"branch","line":246,"loc":{"start":{"line":246,"column":4},"end":{"line":246,"column":18}},"locations":[{"start":{"line":246,"column":4},"end":{"line":246,"column":18}}]},"45":{"type":"branch","line":247,"loc":{"start":{"line":247,"column":4},"end":{"line":266,"column":7}},"locations":[{"start":{"line":247,"column":4},"end":{"line":266,"column":7}}]},"46":{"type":"branch","line":267,"loc":{"start":{"line":267,"column":4},"end":{"line":271,"column":19}},"locations":[{"start":{"line":267,"column":4},"end":{"line":271,"column":19}}]}},"b":{"0":[18],"1":[0],"2":[27],"3":[9],"4":[0],"5":[0],"6":[0],"7":[6],"8":[0],"9":[3],"10":[0],"11":[0],"12":[0],"13":[3],"14":[0],"15":[6],"16":[0],"17":[0],"18":[0],"19":[0],"20":[0],"21":[0],"22":[0],"23":[0],"24":[0],"25":[14],"26":[0],"27":[22],"28":[8],"29":[0],"30":[0],"31":[0],"32":[6],"33":[0],"34":[2],"35":[0],"36":[2],"37":[0],"38":[4],"39":[0],"40":[0],"41":[0],"42":[0],"43":[0],"44":[0],"45":[0],"46":[0]},"fnMap":{"0":{"name":"jsToTablestore","decl":{"start":{"line":19,"column":0},"end":{"line":127,"column":1}},"loc":{"start":{"line":19,"column":0},"end":{"line":127,"column":1}},"line":19},"1":{"name":"tablestoreToJs","decl":{"start":{"line":137,"column":0},"end":{"line":273,"column":1}},"loc":{"start":{"line":137,"column":0},"end":{"line":273,"column":1}},"line":137}},"f":{"0":18,"1":14}}
}
