TN:
SF:src/connection.ts
FN:48,Connection
FN:68,getClient
FN:98,model
FNF:3
FNH:3
FNDA:5,Connection
FNDA:5,getClient
FNDA:2,model
DA:1,1
DA:2,1
DA:3,1
DA:4,1
DA:5,1
DA:6,1
DA:7,1
DA:8,1
DA:9,1
DA:10,1
DA:11,1
DA:12,1
DA:13,1
DA:14,1
DA:15,1
DA:16,1
DA:17,1
DA:18,1
DA:19,1
DA:20,1
DA:21,1
DA:22,1
DA:23,1
DA:24,1
DA:25,1
DA:26,1
DA:27,1
DA:28,1
DA:29,1
DA:30,1
DA:31,1
DA:32,1
DA:33,1
DA:34,1
DA:35,1
DA:36,1
DA:37,1
DA:38,1
DA:39,1
DA:40,1
DA:41,1
DA:42,1
DA:43,1
DA:44,1
DA:45,1
DA:46,1
DA:47,1
DA:48,1
DA:49,5
DA:50,5
DA:51,5
DA:52,5
DA:53,5
DA:54,4
DA:55,5
DA:56,1
DA:57,1
DA:58,1
DA:59,1
DA:60,4
DA:61,4
DA:62,4
DA:63,1
DA:64,1
DA:65,1
DA:66,1
DA:67,1
DA:68,1
DA:69,5
DA:70,4
DA:71,4
DA:72,4
DA:73,4
DA:74,4
DA:75,5
DA:76,5
DA:77,1
DA:78,1
DA:79,1
DA:80,1
DA:81,1
DA:82,1
DA:83,1
DA:84,1
DA:85,1
DA:86,1
DA:87,1
DA:88,1
DA:89,1
DA:90,1
DA:91,1
DA:92,1
DA:93,1
DA:94,1
DA:95,1
DA:96,1
DA:97,1
DA:98,1
DA:99,2
DA:100,2
DA:101,2
DA:102,2
DA:103,2
DA:104,2
DA:105,0
DA:106,0
DA:107,0
DA:108,0
DA:109,0
DA:110,0
DA:111,0
DA:112,2
DA:113,2
DA:114,2
DA:115,2
DA:116,1
DA:117,1
DA:118,1
DA:119,1
DA:120,1
DA:121,1
DA:122,1
DA:123,1
DA:124,1
DA:125,1
DA:126,1
DA:127,1
DA:128,0
DA:129,0
DA:130,0
DA:131,0
DA:132,0
DA:133,0
DA:134,1
LF:134
LH:121
BRDA:48,0,0,5
BRDA:53,1,0,4
BRDA:55,2,0,1
BRDA:60,3,0,4
BRDA:68,4,0,5
BRDA:69,5,0,4
BRDA:98,6,0,2
BRDA:104,7,0,0
BRDA:104,8,0,0
BRDA:115,9,0,1
BRDA:128,10,0,0
BRF:11
BRH:8
end_of_record
TN:
SF:src/model.ts
FN:71,createModel
FN:85,BaseDocument
FN:97,save
FN:179,update
FN:190,delete
FN:196,toObject
FN:209,get client
FN:214,ModelClass
FN:221,create
FN:247,findById
FN:330,_createInstanceFromOutput
FNF:11
FNH:11
FNDA:2,createModel
FNDA:11,BaseDocument
FNDA:3,save
FNDA:1,update
FNDA:1,delete
FNDA:4,toObject
FNDA:9,get client
FNDA:11,ModelClass
FNDA:2,create
FNDA:5,findById
FNDA:2,_createInstanceFromOutput
DA:1,1
DA:2,1
DA:3,1
DA:4,1
DA:5,1
DA:6,1
DA:7,1
DA:8,1
DA:9,1
DA:10,1
DA:11,1
DA:12,1
DA:13,1
DA:14,1
DA:15,1
DA:16,1
DA:17,1
DA:18,1
DA:19,1
DA:20,1
DA:21,1
DA:22,1
DA:23,1
DA:24,1
DA:25,1
DA:26,1
DA:27,1
DA:28,1
DA:29,1
DA:30,1
DA:31,1
DA:32,1
DA:33,1
DA:34,1
DA:35,1
DA:36,1
DA:37,1
DA:38,1
DA:39,1
DA:40,1
DA:41,1
DA:42,1
DA:43,1
DA:44,1
DA:45,1
DA:46,1
DA:47,1
DA:48,1
DA:49,1
DA:50,1
DA:51,1
DA:52,1
DA:53,1
DA:54,1
DA:55,1
DA:56,1
DA:57,1
DA:58,1
DA:59,1
DA:60,1
DA:61,1
DA:62,1
DA:63,1
DA:64,1
DA:65,1
DA:66,1
DA:67,1
DA:68,1
DA:69,1
DA:70,1
DA:71,2
DA:72,2
DA:73,2
DA:74,2
DA:75,2
DA:76,2
DA:77,2
DA:78,2
DA:79,2
DA:80,2
DA:81,2
DA:82,2
DA:83,2
DA:84,2
DA:85,2
DA:86,11
DA:87,0
DA:88,0
DA:89,11
DA:90,11
DA:91,11
DA:92,11
DA:93,11
DA:94,2
DA:95,2
DA:96,2
DA:97,2
DA:98,3
DA:99,3
DA:100,3
DA:101,3
DA:102,3
DA:103,3
DA:104,3
DA:105,3
DA:106,3
DA:107,3
DA:108,0
DA:109,0
DA:110,3
DA:111,3
DA:112,3
DA:113,3
DA:114,3
DA:115,3
DA:116,3
DA:117,3
DA:118,3
DA:119,3
DA:120,3
DA:121,3
DA:122,3
DA:123,3
DA:124,3
DA:125,3
DA:126,24
DA:127,18
DA:128,18
DA:129,18
DA:130,18
DA:131,18
DA:132,18
DA:133,18
DA:134,18
DA:135,0
DA:136,0
DA:137,18
DA:138,18
DA:139,18
DA:140,6
DA:141,18
DA:142,12
DA:143,12
DA:144,18
DA:145,24
DA:146,3
DA:147,3
DA:148,3
DA:149,3
DA:150,0
DA:151,0
DA:152,3
DA:153,3
DA:154,3
DA:155,3
DA:156,3
DA:157,3
DA:158,3
DA:159,3
DA:160,3
DA:161,3
DA:162,3
DA:163,3
DA:164,3
DA:165,3
DA:166,2
DA:167,2
DA:168,3
DA:169,1
DA:170,1
DA:171,1
DA:172,3
DA:173,2
DA:174,2
DA:175,2
DA:176,2
DA:177,2
DA:178,2
DA:179,2
DA:180,1
DA:181,1
DA:182,1
DA:183,1
DA:184,2
DA:185,2
DA:186,2
DA:187,2
DA:188,2
DA:189,2
DA:190,2
DA:191,1
DA:192,1
DA:193,1
DA:194,2
DA:195,2
DA:196,2
DA:197,4
DA:198,4
DA:199,2
DA:200,2
DA:201,2
DA:202,2
DA:203,2
DA:204,2
DA:205,2
DA:206,2
DA:207,2
DA:208,2
DA:209,2
DA:210,9
DA:211,9
DA:212,2
DA:213,2
DA:214,2
DA:215,11
DA:216,11
DA:217,11
DA:218,2
DA:219,2
DA:220,2
DA:221,2
DA:222,2
DA:223,2
DA:224,2
DA:225,2
DA:226,2
DA:227,2
DA:228,1
DA:229,1
DA:230,1
DA:231,1
DA:232,1
DA:233,1
DA:234,0
DA:235,0
DA:236,1
DA:237,1
DA:238,1
DA:239,1
DA:240,1
DA:241,1
DA:242,1
DA:243,1
DA:244,1
DA:245,2
DA:246,2
DA:247,2
DA:248,5
DA:249,5
DA:250,5
DA:251,5
DA:252,5
DA:253,5
DA:254,5
DA:255,4
DA:256,5
DA:257,1
DA:258,1
DA:259,4
DA:260,4
DA:261,4
DA:262,4
DA:263,4
DA:264,4
DA:265,8
DA:266,4
DA:267,4
DA:268,4
DA:269,4
DA:270,4
DA:271,4
DA:272,3
DA:273,3
DA:274,5
DA:275,1
DA:276,1
DA:277,2
DA:278,2
DA:279,2
DA:280,2
DA:281,5
DA:282,5
DA:283,5
DA:284,5
DA:285,5
DA:286,5
DA:287,14
DA:288,14
DA:289,14
DA:290,14
DA:291,14
DA:292,4
DA:293,4
DA:294,4
DA:295,14
DA:296,10
DA:297,10
DA:298,10
DA:299,10
DA:300,14
DA:301,14
DA:302,14
DA:303,14
DA:304,14
DA:305,14
DA:306,14
DA:307,0
DA:308,0
DA:309,0
DA:310,0
DA:311,14
DA:312,5
DA:313,5
DA:314,5
DA:315,5
DA:316,5
DA:317,5
DA:318,5
DA:319,5
DA:320,1
DA:321,1
DA:322,1
DA:323,1
DA:324,5
DA:325,2
DA:326,2
DA:327,2
DA:328,2
DA:329,2
DA:330,2
DA:331,2
DA:332,2
DA:333,2
DA:334,2
DA:335,2
DA:336,2
DA:337,2
DA:338,2
DA:339,2
DA:340,2
DA:341,2
DA:342,2
LF:342
LH:328
BRDA:71,0,0,2
BRDA:85,1,0,11
BRDA:86,2,0,0
BRDA:97,3,0,3
BRDA:107,4,0,0
BRDA:125,5,0,24
BRDA:126,6,0,18
BRDA:134,7,0,0
BRDA:139,8,0,6
BRDA:141,9,0,12
BRDA:149,10,0,0
BRDA:166,11,0,2
BRDA:168,12,0,1
BRDA:179,13,0,1
BRDA:190,14,0,1
BRDA:196,15,0,4
BRDA:209,16,0,9
BRDA:214,17,0,11
BRDA:221,18,0,2
BRDA:227,19,0,1
BRDA:233,20,0,0
BRDA:247,21,0,5
BRDA:254,22,0,4
BRDA:256,23,0,1
BRDA:259,24,0,4
BRDA:272,25,0,3
BRDA:274,26,0,2
BRDA:274,27,0,1
BRDA:274,28,0,0
BRDA:274,29,0,1
BRDA:277,30,0,2
BRDA:281,31,0,0
BRDA:282,32,0,2
BRDA:282,33,0,0
BRDA:319,34,0,1
BRDA:255,35,0,8
BRDA:264,36,0,8
BRDA:286,37,0,14
BRDA:291,38,0,4
BRDA:291,39,0,4
BRDA:295,40,0,10
BRDA:306,41,0,0
BRDA:330,42,0,2
BRF:43
BRH:34
end_of_record
TN:
SF:src/schema.ts
FN:64,Schema
FN:133,parse
FN:148,getFieldSchema
FN:158,isPrimaryKey
FN:166,getPrimaryKeyDefinitions
FN:180,getAttributeDefinitions
FN:198,safeParse
FN:206,getAttributeKeys
FN:220,createSchema
FNF:9
FNH:9
FNDA:21,Schema
FNDA:23,parse
FNDA:40,getFieldSchema
FNDA:51,isPrimaryKey
FNDA:1,getPrimaryKeyDefinitions
FNDA:1,getAttributeDefinitions
FNDA:5,safeParse
FNDA:4,getAttributeKeys
FNDA:21,createSchema
DA:1,1
DA:2,1
DA:3,1
DA:4,1
DA:5,1
DA:6,1
DA:7,1
DA:8,1
DA:9,1
DA:10,1
DA:11,1
DA:12,1
DA:13,1
DA:14,1
DA:15,1
DA:16,1
DA:17,1
DA:18,1
DA:19,1
DA:20,1
DA:21,1
DA:22,1
DA:23,1
DA:24,1
DA:25,1
DA:26,1
DA:27,1
DA:28,1
DA:29,1
DA:30,1
DA:31,1
DA:32,1
DA:33,1
DA:34,1
DA:35,1
DA:36,1
DA:37,1
DA:38,1
DA:39,1
DA:40,1
DA:41,1
DA:42,1
DA:43,1
DA:44,1
DA:45,1
DA:46,1
DA:47,1
DA:48,1
DA:49,1
DA:50,1
DA:51,1
DA:52,1
DA:53,1
DA:54,1
DA:55,1
DA:56,1
DA:57,1
DA:58,1
DA:59,1
DA:60,1
DA:61,1
DA:62,1
DA:63,1
DA:64,1
DA:65,21
DA:66,21
DA:67,21
DA:68,21
DA:69,21
DA:70,21
DA:71,21
DA:72,21
DA:73,8
DA:74,8
DA:75,8
DA:76,7
DA:77,7
DA:78,8
DA:79,1
DA:80,1
DA:81,1
DA:82,1
DA:83,1
DA:84,8
DA:85,8
DA:86,7
DA:87,7
DA:88,8
DA:89,1
DA:90,1
DA:91,1
DA:92,1
DA:93,8
DA:94,8
DA:95,8
DA:96,8
DA:97,21
DA:98,21
DA:99,21
DA:100,21
DA:101,21
DA:102,21
DA:103,2
DA:104,2
DA:105,19
DA:106,19
DA:107,19
DA:108,21
DA:109,37
DA:110,1
DA:111,1
DA:112,1
DA:113,1
DA:114,1
DA:115,1
DA:116,0
DA:117,0
DA:118,0
DA:119,0
DA:120,1
DA:121,37
DA:122,18
DA:123,18
DA:124,18
DA:125,1
DA:126,1
DA:127,1
DA:128,1
DA:129,1
DA:130,1
DA:131,1
DA:132,1
DA:133,1
DA:134,23
DA:135,23
DA:136,23
DA:137,1
DA:138,1
DA:139,1
DA:140,1
DA:141,1
DA:142,1
DA:143,1
DA:144,1
DA:145,1
DA:146,1
DA:147,1
DA:148,1
DA:149,40
DA:150,40
DA:151,40
DA:152,1
DA:153,1
DA:154,1
DA:155,1
DA:156,1
DA:157,1
DA:158,1
DA:159,51
DA:160,51
DA:161,1
DA:162,1
DA:163,1
DA:164,1
DA:165,1
DA:166,1
DA:167,1
DA:168,1
DA:169,1
DA:170,1
DA:171,2
DA:172,2
DA:173,1
DA:174,1
DA:175,1
DA:176,1
DA:177,1
DA:178,1
DA:179,1
DA:180,1
DA:181,1
DA:182,1
DA:183,1
DA:184,1
DA:185,1
DA:186,1
DA:187,3
DA:188,3
DA:189,1
DA:190,1
DA:191,1
DA:192,1
DA:193,1
DA:194,1
DA:195,1
DA:196,1
DA:197,1
DA:198,1
DA:199,5
DA:200,5
DA:201,1
DA:202,1
DA:203,1
DA:204,1
DA:205,1
DA:206,1
DA:207,4
DA:208,4
DA:209,4
DA:210,1
DA:211,1
DA:212,1
DA:213,1
DA:214,1
DA:215,1
DA:216,1
DA:217,1
DA:218,1
DA:219,1
DA:220,21
DA:221,21
DA:222,21
DA:223,21
DA:224,21
DA:225,21
DA:226,21
DA:227,21
LF:227
LH:223
BRDA:64,0,0,21
BRDA:72,1,0,8
BRDA:75,2,0,7
BRDA:78,3,0,1
BRDA:85,4,0,7
BRDA:88,5,0,1
BRDA:102,6,0,20
BRDA:102,7,0,2
BRDA:105,8,0,19
BRDA:108,9,0,37
BRDA:109,10,0,1
BRDA:115,11,0,0
BRDA:122,12,0,18
BRDA:77,13,0,13
BRDA:87,14,0,14
BRDA:133,15,0,23
BRDA:148,16,0,40
BRDA:158,17,0,51
BRDA:166,18,0,1
BRDA:170,19,0,2
BRDA:180,20,0,1
BRDA:185,21,0,5
BRDA:186,22,0,3
BRDA:198,23,0,5
BRDA:206,24,0,4
BRDA:208,25,0,24
BRDA:220,26,0,21
BRF:27
BRH:26
end_of_record
TN:
SF:src/type-converter.ts
FN:19,jsToTablestore
FN:137,tablestoreToJs
FNF:2
FNH:2
FNDA:18,jsToTablestore
FNDA:14,tablestoreToJs
DA:1,1
DA:2,1
DA:3,1
DA:4,1
DA:5,1
DA:6,1
DA:7,1
DA:8,1
DA:9,1
DA:10,1
DA:11,1
DA:12,1
DA:13,1
DA:14,1
DA:15,1
DA:16,1
DA:17,1
DA:18,1
DA:19,18
DA:20,18
DA:21,18
DA:22,18
DA:23,0
DA:24,0
DA:25,0
DA:26,0
DA:27,0
DA:28,0
DA:29,0
DA:30,0
DA:31,0
DA:32,0
DA:33,0
DA:34,0
DA:35,0
DA:36,0
DA:37,0
DA:38,0
DA:39,0
DA:40,0
DA:41,0
DA:42,0
DA:43,0
DA:44,0
DA:45,0
DA:46,0
DA:47,18
DA:48,18
DA:49,18
DA:50,18
DA:51,18
DA:52,18
DA:53,18
DA:54,18
DA:55,18
DA:56,9
DA:57,0
DA:58,9
DA:59,9
DA:60,9
DA:61,0
DA:62,0
DA:63,9
DA:64,18
DA:65,18
DA:66,18
DA:67,0
DA:68,0
DA:69,18
DA:70,18
DA:71,18
DA:72,6
DA:73,6
DA:74,18
DA:75,3
DA:76,3
DA:77,3
DA:78,3
DA:79,3
DA:80,3
DA:81,3
DA:82,3
DA:83,3
DA:84,0
DA:85,0
DA:86,18
DA:87,3
DA:88,3
DA:89,18
DA:90,6
DA:91,6
DA:92,18
DA:93,0
DA:94,0
DA:95,0
DA:96,0
DA:97,0
DA:98,0
DA:99,0
DA:100,0
DA:101,0
DA:102,0
DA:103,0
DA:104,0
DA:105,18
DA:106,0
DA:107,0
DA:108,0
DA:109,0
DA:110,0
DA:111,0
DA:112,0
DA:113,18
DA:114,18
DA:115,18
DA:116,18
DA:117,0
DA:118,0
DA:119,0
DA:120,0
DA:121,0
DA:122,0
DA:123,18
DA:124,0
DA:125,0
DA:126,18
DA:127,0
DA:128,1
DA:129,1
DA:130,1
DA:131,1
DA:132,1
DA:133,1
DA:134,1
DA:135,1
DA:136,1
DA:137,14
DA:138,14
DA:139,14
DA:140,14
DA:141,14
DA:142,0
DA:143,0
DA:144,14
DA:145,14
DA:146,14
DA:147,14
DA:148,14
DA:149,14
DA:150,14
DA:151,14
DA:152,14
DA:153,8
DA:154,0
DA:155,8
DA:156,8
DA:157,8
DA:158,0
DA:159,0
DA:160,8
DA:161,14
DA:162,14
DA:163,0
DA:164,0
DA:165,0
DA:166,14
DA:167,14
DA:168,14
DA:169,6
DA:170,6
DA:171,6
DA:172,6
DA:173,6
DA:174,0
DA:175,0
DA:176,6
DA:177,14
DA:178,14
DA:179,2
DA:180,2
DA:181,2
DA:182,2
DA:183,0
DA:184,0
DA:185,0
DA:186,0
DA:187,0
DA:188,0
DA:189,0
DA:190,14
DA:191,2
DA:192,2
DA:193,2
DA:194,14
DA:195,4
DA:196,4
DA:197,4
DA:198,4
DA:199,0
DA:200,0
DA:201,0
DA:202,0
DA:203,0
DA:204,0
DA:205,14
DA:206,0
DA:207,0
DA:208,0
DA:209,0
DA:210,0
DA:211,0
DA:212,0
DA:213,0
DA:214,0
DA:215,14
DA:216,0
DA:217,0
DA:218,0
DA:219,0
DA:220,0
DA:221,0
DA:222,0
DA:223,0
DA:224,0
DA:225,0
DA:226,0
DA:227,0
DA:228,0
DA:229,0
DA:230,0
DA:231,0
DA:232,0
DA:233,0
DA:234,0
DA:235,0
DA:236,0
DA:237,0
DA:238,0
DA:239,0
DA:240,0
DA:241,0
DA:242,0
DA:243,0
DA:244,14
DA:245,14
DA:246,14
DA:247,14
DA:248,0
DA:249,0
DA:250,0
DA:251,0
DA:252,0
DA:253,0
DA:254,0
DA:255,0
DA:256,0
DA:257,0
DA:258,0
DA:259,0
DA:260,0
DA:261,0
DA:262,0
DA:263,0
DA:264,0
DA:265,0
DA:266,0
DA:267,14
DA:268,0
DA:269,0
DA:270,0
DA:271,0
DA:272,14
DA:273,14
LF:273
LH:131
BRDA:19,0,0,18
BRDA:22,1,0,0
BRDA:51,2,0,27
BRDA:55,3,0,9
BRDA:56,4,0,0
BRDA:60,5,0,0
BRDA:66,6,0,0
BRDA:71,7,0,6
BRDA:72,8,0,0
BRDA:74,9,0,3
BRDA:75,10,0,0
BRDA:79,11,0,0
BRDA:83,12,0,0
BRDA:86,13,0,3
BRDA:87,14,0,0
BRDA:89,15,0,6
BRDA:90,16,0,0
BRDA:92,17,0,0
BRDA:105,18,0,0
BRDA:113,19,0,0
BRDA:114,20,0,0
BRDA:115,21,0,0
BRDA:116,22,0,0
BRDA:123,23,0,0
BRDA:127,24,0,0
BRDA:137,25,0,14
BRDA:141,26,0,0
BRDA:148,27,0,22
BRDA:152,28,0,8
BRDA:153,29,0,0
BRDA:157,30,0,0
BRDA:162,31,0,0
BRDA:168,32,0,6
BRDA:173,33,0,0
BRDA:178,34,0,2
BRDA:182,35,0,0
BRDA:190,36,0,2
BRDA:192,37,0,0
BRDA:194,38,0,4
BRDA:198,39,0,0
BRDA:205,40,0,0
BRDA:215,41,0,0
BRDA:244,42,0,0
BRDA:245,43,0,0
BRDA:246,44,0,0
BRDA:247,45,0,0
BRDA:267,46,0,0
BRF:47
BRH:14
end_of_record
